mode: atomic
github.com/Akashdeep-Patra/go-grpc-sqlite/cmd/server/main.go:26.13,29.16 2 0
github.com/Akashdeep-Patra/go-grpc-sqlite/cmd/server/main.go:29.16,32.3 2 0
github.com/Akashdeep-Patra/go-grpc-sqlite/cmd/server/main.go:35.2,79.16 8 0
github.com/Akashdeep-Patra/go-grpc-sqlite/cmd/server/main.go:79.16,81.3 1 0
github.com/Akashdeep-Patra/go-grpc-sqlite/cmd/server/main.go:84.2,99.12 8 0
github.com/Akashdeep-Patra/go-grpc-sqlite/cmd/server/main.go:99.12,101.47 2 0
github.com/Akashdeep-Patra/go-grpc-sqlite/cmd/server/main.go:101.47,103.4 1 0
github.com/Akashdeep-Patra/go-grpc-sqlite/cmd/server/main.go:107.2,120.44 7 0
github.com/Akashdeep-Patra/go-grpc-sqlite/cmd/server/main.go:120.44,122.3 1 0
github.com/Akashdeep-Patra/go-grpc-sqlite/cmd/server/main.go:125.2,128.9 3 0
github.com/Akashdeep-Patra/go-grpc-sqlite/cmd/server/main.go:129.20,130.76 1 0
github.com/Akashdeep-Patra/go-grpc-sqlite/cmd/server/main.go:131.43,132.53 1 0
github.com/Akashdeep-Patra/go-grpc-sqlite/cmd/server/main.go:135.2,135.31 1 0
github.com/Akashdeep-Patra/go-grpc-sqlite/cmd/healthcheck/main.go:15.13,27.16 8 0
github.com/Akashdeep-Patra/go-grpc-sqlite/cmd/healthcheck/main.go:27.16,30.3 2 0
github.com/Akashdeep-Patra/go-grpc-sqlite/cmd/healthcheck/main.go:31.2,40.16 4 0
github.com/Akashdeep-Patra/go-grpc-sqlite/cmd/healthcheck/main.go:40.16,43.3 2 0
github.com/Akashdeep-Patra/go-grpc-sqlite/cmd/healthcheck/main.go:46.2,46.63 1 0
github.com/Akashdeep-Patra/go-grpc-sqlite/cmd/healthcheck/main.go:46.63,49.3 2 0
github.com/Akashdeep-Patra/go-grpc-sqlite/cmd/healthcheck/main.go:51.2,52.12 2 0
github.com/Akashdeep-Patra/go-grpc-sqlite/cmd/client/main.go:14.13,25.16 8 0
github.com/Akashdeep-Patra/go-grpc-sqlite/cmd/client/main.go:25.16,27.3 1 0
github.com/Akashdeep-Patra/go-grpc-sqlite/cmd/client/main.go:28.2,35.17 5 0
github.com/Akashdeep-Patra/go-grpc-sqlite/cmd/client/main.go:35.17,36.42 1 0
github.com/Akashdeep-Patra/go-grpc-sqlite/cmd/client/main.go:36.42,38.4 1 0
github.com/Akashdeep-Patra/go-grpc-sqlite/cmd/client/main.go:40.3,44.17 2 0
github.com/Akashdeep-Patra/go-grpc-sqlite/cmd/client/main.go:44.17,46.4 1 0
github.com/Akashdeep-Patra/go-grpc-sqlite/cmd/client/main.go:48.3,49.71 2 0
github.com/Akashdeep-Patra/go-grpc-sqlite/cmd/client/main.go:53.2,53.22 1 0
github.com/Akashdeep-Patra/go-grpc-sqlite/cmd/client/main.go:53.22,57.17 2 0
github.com/Akashdeep-Patra/go-grpc-sqlite/cmd/client/main.go:57.17,59.4 1 0
github.com/Akashdeep-Patra/go-grpc-sqlite/cmd/client/main.go:61.3,61.85 1 0
github.com/Akashdeep-Patra/go-grpc-sqlite/cmd/client/main.go:65.2,65.38 1 0
github.com/Akashdeep-Patra/go-grpc-sqlite/cmd/client/main.go:65.38,70.3 4 0
github.com/Akashdeep-Patra/go-grpc-sqlite/cmd/gateway/main.go:33.13,38.16 3 0
github.com/Akashdeep-Patra/go-grpc-sqlite/cmd/gateway/main.go:38.16,41.3 2 0
github.com/Akashdeep-Patra/go-grpc-sqlite/cmd/gateway/main.go:44.2,62.16 8 0
github.com/Akashdeep-Patra/go-grpc-sqlite/cmd/gateway/main.go:62.16,64.3 1 0
github.com/Akashdeep-Patra/go-grpc-sqlite/cmd/gateway/main.go:65.2,72.16 4 0
github.com/Akashdeep-Patra/go-grpc-sqlite/cmd/gateway/main.go:72.16,74.3 1 0
github.com/Akashdeep-Patra/go-grpc-sqlite/cmd/gateway/main.go:77.2,89.55 7 0
github.com/Akashdeep-Patra/go-grpc-sqlite/cmd/gateway/main.go:89.55,91.3 1 0
github.com/Akashdeep-Patra/go-grpc-sqlite/cmd/gateway/main.go:95.61,98.18 2 0
github.com/Akashdeep-Patra/go-grpc-sqlite/cmd/gateway/main.go:98.18,100.3 1 0
github.com/Akashdeep-Patra/go-grpc-sqlite/cmd/gateway/main.go:103.2,104.15 2 0
github.com/Akashdeep-Patra/go-grpc-sqlite/cmd/gateway/main.go:104.15,106.24 2 0
github.com/Akashdeep-Patra/go-grpc-sqlite/cmd/gateway/main.go:106.24,108.4 1 0
github.com/Akashdeep-Patra/go-grpc-sqlite/cmd/gateway/main.go:112.2,113.16 2 0
github.com/Akashdeep-Patra/go-grpc-sqlite/cmd/gateway/main.go:113.16,116.3 2 0
github.com/Akashdeep-Patra/go-grpc-sqlite/cmd/gateway/main.go:118.2,119.16 2 0
github.com/Akashdeep-Patra/go-grpc-sqlite/cmd/gateway/main.go:119.16,121.3 1 0
github.com/Akashdeep-Patra/go-grpc-sqlite/cmd/gateway/main.go:125.63,130.16 3 0
github.com/Akashdeep-Patra/go-grpc-sqlite/cmd/gateway/main.go:130.16,134.3 3 0
github.com/Akashdeep-Patra/go-grpc-sqlite/cmd/gateway/main.go:136.2,137.16 2 0
github.com/Akashdeep-Patra/go-grpc-sqlite/cmd/gateway/main.go:137.16,139.3 1 0
github.com/Akashdeep-Patra/go-grpc-sqlite/gen/go/github.com/Akashdeep-Patra/go-grpc-sqlite/user/user.pb.go:34.37,39.2 4 0
github.com/Akashdeep-Patra/go-grpc-sqlite/gen/go/github.com/Akashdeep-Patra/go-grpc-sqlite/user/user.pb.go:41.45,43.2 1 0
github.com/Akashdeep-Patra/go-grpc-sqlite/gen/go/github.com/Akashdeep-Patra/go-grpc-sqlite/user/user.pb.go:45.43,45.44 0 0
github.com/Akashdeep-Patra/go-grpc-sqlite/gen/go/github.com/Akashdeep-Patra/go-grpc-sqlite/user/user.pb.go:47.65,49.14 2 0
github.com/Akashdeep-Patra/go-grpc-sqlite/gen/go/github.com/Akashdeep-Patra/go-grpc-sqlite/user/user.pb.go:49.14,51.34 2 0
github.com/Akashdeep-Patra/go-grpc-sqlite/gen/go/github.com/Akashdeep-Patra/go-grpc-sqlite/user/user.pb.go:51.34,53.4 1 0
github.com/Akashdeep-Patra/go-grpc-sqlite/gen/go/github.com/Akashdeep-Patra/go-grpc-sqlite/user/user.pb.go:54.3,54.12 1 0
github.com/Akashdeep-Patra/go-grpc-sqlite/gen/go/github.com/Akashdeep-Patra/go-grpc-sqlite/user/user.pb.go:56.2,56.24 1 0
github.com/Akashdeep-Patra/go-grpc-sqlite/gen/go/github.com/Akashdeep-Patra/go-grpc-sqlite/user/user.pb.go:60.56,62.2 1 0
github.com/Akashdeep-Patra/go-grpc-sqlite/gen/go/github.com/Akashdeep-Patra/go-grpc-sqlite/user/user.pb.go:64.46,65.14 1 0
github.com/Akashdeep-Patra/go-grpc-sqlite/gen/go/github.com/Akashdeep-Patra/go-grpc-sqlite/user/user.pb.go:65.14,67.3 1 0
github.com/Akashdeep-Patra/go-grpc-sqlite/gen/go/github.com/Akashdeep-Patra/go-grpc-sqlite/user/user.pb.go:68.2,68.11 1 0
github.com/Akashdeep-Patra/go-grpc-sqlite/gen/go/github.com/Akashdeep-Patra/go-grpc-sqlite/user/user.pb.go:71.47,72.14 1 0
github.com/Akashdeep-Patra/go-grpc-sqlite/gen/go/github.com/Akashdeep-Patra/go-grpc-sqlite/user/user.pb.go:72.14,74.3 1 0
github.com/Akashdeep-Patra/go-grpc-sqlite/gen/go/github.com/Akashdeep-Patra/go-grpc-sqlite/user/user.pb.go:75.2,75.11 1 0
github.com/Akashdeep-Patra/go-grpc-sqlite/gen/go/github.com/Akashdeep-Patra/go-grpc-sqlite/user/user.pb.go:85.34,90.2 4 0
github.com/Akashdeep-Patra/go-grpc-sqlite/gen/go/github.com/Akashdeep-Patra/go-grpc-sqlite/user/user.pb.go:92.42,94.2 1 0
github.com/Akashdeep-Patra/go-grpc-sqlite/gen/go/github.com/Akashdeep-Patra/go-grpc-sqlite/user/user.pb.go:96.40,96.41 0 0
github.com/Akashdeep-Patra/go-grpc-sqlite/gen/go/github.com/Akashdeep-Patra/go-grpc-sqlite/user/user.pb.go:98.62,100.14 2 0
github.com/Akashdeep-Patra/go-grpc-sqlite/gen/go/github.com/Akashdeep-Patra/go-grpc-sqlite/user/user.pb.go:100.14,102.34 2 0
github.com/Akashdeep-Patra/go-grpc-sqlite/gen/go/github.com/Akashdeep-Patra/go-grpc-sqlite/user/user.pb.go:102.34,104.4 1 0
github.com/Akashdeep-Patra/go-grpc-sqlite/gen/go/github.com/Akashdeep-Patra/go-grpc-sqlite/user/user.pb.go:105.3,105.12 1 0
github.com/Akashdeep-Patra/go-grpc-sqlite/gen/go/github.com/Akashdeep-Patra/go-grpc-sqlite/user/user.pb.go:107.2,107.24 1 0
github.com/Akashdeep-Patra/go-grpc-sqlite/gen/go/github.com/Akashdeep-Patra/go-grpc-sqlite/user/user.pb.go:111.53,113.2 1 0
github.com/Akashdeep-Patra/go-grpc-sqlite/gen/go/github.com/Akashdeep-Patra/go-grpc-sqlite/user/user.pb.go:115.41,116.14 1 0
github.com/Akashdeep-Patra/go-grpc-sqlite/gen/go/github.com/Akashdeep-Patra/go-grpc-sqlite/user/user.pb.go:116.14,118.3 1 0
github.com/Akashdeep-Patra/go-grpc-sqlite/gen/go/github.com/Akashdeep-Patra/go-grpc-sqlite/user/user.pb.go:119.2,119.11 1 0
github.com/Akashdeep-Patra/go-grpc-sqlite/gen/go/github.com/Akashdeep-Patra/go-grpc-sqlite/user/user.pb.go:131.32,136.2 4 0
github.com/Akashdeep-Patra/go-grpc-sqlite/gen/go/github.com/Akashdeep-Patra/go-grpc-sqlite/user/user.pb.go:138.40,140.2 1 0
github.com/Akashdeep-Patra/go-grpc-sqlite/gen/go/github.com/Akashdeep-Patra/go-grpc-sqlite/user/user.pb.go:142.38,142.39 0 0
github.com/Akashdeep-Patra/go-grpc-sqlite/gen/go/github.com/Akashdeep-Patra/go-grpc-sqlite/user/user.pb.go:144.60,146.14 2 0
github.com/Akashdeep-Patra/go-grpc-sqlite/gen/go/github.com/Akashdeep-Patra/go-grpc-sqlite/user/user.pb.go:146.14,148.34 2 0
github.com/Akashdeep-Patra/go-grpc-sqlite/gen/go/github.com/Akashdeep-Patra/go-grpc-sqlite/user/user.pb.go:148.34,150.4 1 0
github.com/Akashdeep-Patra/go-grpc-sqlite/gen/go/github.com/Akashdeep-Patra/go-grpc-sqlite/user/user.pb.go:151.3,151.12 1 0
github.com/Akashdeep-Patra/go-grpc-sqlite/gen/go/github.com/Akashdeep-Patra/go-grpc-sqlite/user/user.pb.go:153.2,153.24 1 0
github.com/Akashdeep-Patra/go-grpc-sqlite/gen/go/github.com/Akashdeep-Patra/go-grpc-sqlite/user/user.pb.go:157.51,159.2 1 0
github.com/Akashdeep-Patra/go-grpc-sqlite/gen/go/github.com/Akashdeep-Patra/go-grpc-sqlite/user/user.pb.go:161.39,162.14 1 0
github.com/Akashdeep-Patra/go-grpc-sqlite/gen/go/github.com/Akashdeep-Patra/go-grpc-sqlite/user/user.pb.go:162.14,164.3 1 0
github.com/Akashdeep-Patra/go-grpc-sqlite/gen/go/github.com/Akashdeep-Patra/go-grpc-sqlite/user/user.pb.go:165.2,165.11 1 0
github.com/Akashdeep-Patra/go-grpc-sqlite/gen/go/github.com/Akashdeep-Patra/go-grpc-sqlite/user/user.pb.go:168.41,169.14 1 0
github.com/Akashdeep-Patra/go-grpc-sqlite/gen/go/github.com/Akashdeep-Patra/go-grpc-sqlite/user/user.pb.go:169.14,171.3 1 0
github.com/Akashdeep-Patra/go-grpc-sqlite/gen/go/github.com/Akashdeep-Patra/go-grpc-sqlite/user/user.pb.go:172.2,172.11 1 0
github.com/Akashdeep-Patra/go-grpc-sqlite/gen/go/github.com/Akashdeep-Patra/go-grpc-sqlite/user/user.pb.go:175.42,176.14 1 0
github.com/Akashdeep-Patra/go-grpc-sqlite/gen/go/github.com/Akashdeep-Patra/go-grpc-sqlite/user/user.pb.go:176.14,178.3 1 0
github.com/Akashdeep-Patra/go-grpc-sqlite/gen/go/github.com/Akashdeep-Patra/go-grpc-sqlite/user/user.pb.go:179.2,179.11 1 0
github.com/Akashdeep-Patra/go-grpc-sqlite/gen/go/github.com/Akashdeep-Patra/go-grpc-sqlite/user/user.pb.go:213.47,214.44 1 0
github.com/Akashdeep-Patra/go-grpc-sqlite/gen/go/github.com/Akashdeep-Patra/go-grpc-sqlite/user/user.pb.go:214.44,216.3 1 0
github.com/Akashdeep-Patra/go-grpc-sqlite/gen/go/github.com/Akashdeep-Patra/go-grpc-sqlite/user/user.pb.go:217.2,217.40 1 0
github.com/Akashdeep-Patra/go-grpc-sqlite/gen/go/github.com/Akashdeep-Patra/go-grpc-sqlite/user/user.pb.go:238.13,238.43 1 0
github.com/Akashdeep-Patra/go-grpc-sqlite/gen/go/github.com/Akashdeep-Patra/go-grpc-sqlite/user/user.pb.go:239.33,240.32 1 0
github.com/Akashdeep-Patra/go-grpc-sqlite/gen/go/github.com/Akashdeep-Patra/go-grpc-sqlite/user/user.pb.go:240.32,242.3 1 0
github.com/Akashdeep-Patra/go-grpc-sqlite/gen/go/github.com/Akashdeep-Patra/go-grpc-sqlite/user/user.pb.go:243.2,259.35 5 0
github.com/Akashdeep-Patra/go-grpc-sqlite/gen/go/github.com/Akashdeep-Patra/go-grpc-sqlite/user/user.pb.gw.go:38.211,43.100 2 0
github.com/Akashdeep-Patra/go-grpc-sqlite/gen/go/github.com/Akashdeep-Patra/go-grpc-sqlite/user/user.pb.gw.go:43.100,45.3 1 0
github.com/Akashdeep-Patra/go-grpc-sqlite/gen/go/github.com/Akashdeep-Patra/go-grpc-sqlite/user/user.pb.gw.go:46.2,47.27 2 0
github.com/Akashdeep-Patra/go-grpc-sqlite/gen/go/github.com/Akashdeep-Patra/go-grpc-sqlite/user/user.pb.gw.go:50.217,55.100 2 0
github.com/Akashdeep-Patra/go-grpc-sqlite/gen/go/github.com/Akashdeep-Patra/go-grpc-sqlite/user/user.pb.gw.go:55.100,57.3 1 0
github.com/Akashdeep-Patra/go-grpc-sqlite/gen/go/github.com/Akashdeep-Patra/go-grpc-sqlite/user/user.pb.gw.go:58.2,59.27 2 0
github.com/Akashdeep-Patra/go-grpc-sqlite/gen/go/github.com/Akashdeep-Patra/go-grpc-sqlite/user/user.pb.gw.go:62.208,70.9 4 0
github.com/Akashdeep-Patra/go-grpc-sqlite/gen/go/github.com/Akashdeep-Patra/go-grpc-sqlite/user/user.pb.gw.go:70.9,72.3 1 0
github.com/Akashdeep-Patra/go-grpc-sqlite/gen/go/github.com/Akashdeep-Patra/go-grpc-sqlite/user/user.pb.gw.go:73.2,74.16 2 0
github.com/Akashdeep-Patra/go-grpc-sqlite/gen/go/github.com/Akashdeep-Patra/go-grpc-sqlite/user/user.pb.gw.go:74.16,76.3 1 0
github.com/Akashdeep-Patra/go-grpc-sqlite/gen/go/github.com/Akashdeep-Patra/go-grpc-sqlite/user/user.pb.gw.go:77.2,78.27 2 0
github.com/Akashdeep-Patra/go-grpc-sqlite/gen/go/github.com/Akashdeep-Patra/go-grpc-sqlite/user/user.pb.gw.go:81.214,88.9 3 0
github.com/Akashdeep-Patra/go-grpc-sqlite/gen/go/github.com/Akashdeep-Patra/go-grpc-sqlite/user/user.pb.gw.go:88.9,90.3 1 0
github.com/Akashdeep-Patra/go-grpc-sqlite/gen/go/github.com/Akashdeep-Patra/go-grpc-sqlite/user/user.pb.gw.go:91.2,92.16 2 0
github.com/Akashdeep-Patra/go-grpc-sqlite/gen/go/github.com/Akashdeep-Patra/go-grpc-sqlite/user/user.pb.gw.go:92.16,94.3 1 0
github.com/Akashdeep-Patra/go-grpc-sqlite/gen/go/github.com/Akashdeep-Patra/go-grpc-sqlite/user/user.pb.gw.go:95.2,96.27 2 0
github.com/Akashdeep-Patra/go-grpc-sqlite/gen/go/github.com/Akashdeep-Patra/go-grpc-sqlite/user/user.pb.gw.go:104.115,105.141 1 0
github.com/Akashdeep-Patra/go-grpc-sqlite/gen/go/github.com/Akashdeep-Patra/go-grpc-sqlite/user/user.pb.gw.go:105.141,112.17 7 0
github.com/Akashdeep-Patra/go-grpc-sqlite/gen/go/github.com/Akashdeep-Patra/go-grpc-sqlite/user/user.pb.gw.go:112.17,115.4 2 0
github.com/Akashdeep-Patra/go-grpc-sqlite/gen/go/github.com/Akashdeep-Patra/go-grpc-sqlite/user/user.pb.gw.go:116.3,119.17 4 0
github.com/Akashdeep-Patra/go-grpc-sqlite/gen/go/github.com/Akashdeep-Patra/go-grpc-sqlite/user/user.pb.gw.go:119.17,122.4 2 0
github.com/Akashdeep-Patra/go-grpc-sqlite/gen/go/github.com/Akashdeep-Patra/go-grpc-sqlite/user/user.pb.gw.go:123.3,123.127 1 0
github.com/Akashdeep-Patra/go-grpc-sqlite/gen/go/github.com/Akashdeep-Patra/go-grpc-sqlite/user/user.pb.gw.go:125.2,125.137 1 0
github.com/Akashdeep-Patra/go-grpc-sqlite/gen/go/github.com/Akashdeep-Patra/go-grpc-sqlite/user/user.pb.gw.go:125.137,132.17 7 0
github.com/Akashdeep-Patra/go-grpc-sqlite/gen/go/github.com/Akashdeep-Patra/go-grpc-sqlite/user/user.pb.gw.go:132.17,135.4 2 0
github.com/Akashdeep-Patra/go-grpc-sqlite/gen/go/github.com/Akashdeep-Patra/go-grpc-sqlite/user/user.pb.gw.go:136.3,139.17 4 0
github.com/Akashdeep-Patra/go-grpc-sqlite/gen/go/github.com/Akashdeep-Patra/go-grpc-sqlite/user/user.pb.gw.go:139.17,142.4 2 0
github.com/Akashdeep-Patra/go-grpc-sqlite/gen/go/github.com/Akashdeep-Patra/go-grpc-sqlite/user/user.pb.gw.go:143.3,143.124 1 0
github.com/Akashdeep-Patra/go-grpc-sqlite/gen/go/github.com/Akashdeep-Patra/go-grpc-sqlite/user/user.pb.gw.go:146.2,146.12 1 0
github.com/Akashdeep-Patra/go-grpc-sqlite/gen/go/github.com/Akashdeep-Patra/go-grpc-sqlite/user/user.pb.gw.go:151.142,153.16 2 0
github.com/Akashdeep-Patra/go-grpc-sqlite/gen/go/github.com/Akashdeep-Patra/go-grpc-sqlite/user/user.pb.gw.go:153.16,155.3 1 0
github.com/Akashdeep-Patra/go-grpc-sqlite/gen/go/github.com/Akashdeep-Patra/go-grpc-sqlite/user/user.pb.gw.go:156.2,156.15 1 0
github.com/Akashdeep-Patra/go-grpc-sqlite/gen/go/github.com/Akashdeep-Patra/go-grpc-sqlite/user/user.pb.gw.go:156.15,157.17 1 0
github.com/Akashdeep-Patra/go-grpc-sqlite/gen/go/github.com/Akashdeep-Patra/go-grpc-sqlite/user/user.pb.gw.go:157.17,158.41 1 0
github.com/Akashdeep-Patra/go-grpc-sqlite/gen/go/github.com/Akashdeep-Patra/go-grpc-sqlite/user/user.pb.gw.go:158.41,160.5 1 0
github.com/Akashdeep-Patra/go-grpc-sqlite/gen/go/github.com/Akashdeep-Patra/go-grpc-sqlite/user/user.pb.gw.go:161.4,161.10 1 0
github.com/Akashdeep-Patra/go-grpc-sqlite/gen/go/github.com/Akashdeep-Patra/go-grpc-sqlite/user/user.pb.gw.go:163.3,163.13 1 0
github.com/Akashdeep-Patra/go-grpc-sqlite/gen/go/github.com/Akashdeep-Patra/go-grpc-sqlite/user/user.pb.gw.go:163.13,165.41 2 0
github.com/Akashdeep-Patra/go-grpc-sqlite/gen/go/github.com/Akashdeep-Patra/go-grpc-sqlite/user/user.pb.gw.go:165.41,167.5 1 0
github.com/Akashdeep-Patra/go-grpc-sqlite/gen/go/github.com/Akashdeep-Patra/go-grpc-sqlite/user/user.pb.gw.go:170.2,170.51 1 0
github.com/Akashdeep-Patra/go-grpc-sqlite/gen/go/github.com/Akashdeep-Patra/go-grpc-sqlite/user/user.pb.gw.go:175.106,177.2 1 0
github.com/Akashdeep-Patra/go-grpc-sqlite/gen/go/github.com/Akashdeep-Patra/go-grpc-sqlite/user/user.pb.gw.go:184.115,185.141 1 0
github.com/Akashdeep-Patra/go-grpc-sqlite/gen/go/github.com/Akashdeep-Patra/go-grpc-sqlite/user/user.pb.gw.go:185.141,190.17 5 0
github.com/Akashdeep-Patra/go-grpc-sqlite/gen/go/github.com/Akashdeep-Patra/go-grpc-sqlite/user/user.pb.gw.go:190.17,193.4 2 0
github.com/Akashdeep-Patra/go-grpc-sqlite/gen/go/github.com/Akashdeep-Patra/go-grpc-sqlite/user/user.pb.gw.go:194.3,196.17 3 0
github.com/Akashdeep-Patra/go-grpc-sqlite/gen/go/github.com/Akashdeep-Patra/go-grpc-sqlite/user/user.pb.gw.go:196.17,199.4 2 0
github.com/Akashdeep-Patra/go-grpc-sqlite/gen/go/github.com/Akashdeep-Patra/go-grpc-sqlite/user/user.pb.gw.go:200.3,200.127 1 0
github.com/Akashdeep-Patra/go-grpc-sqlite/gen/go/github.com/Akashdeep-Patra/go-grpc-sqlite/user/user.pb.gw.go:202.2,202.137 1 0
github.com/Akashdeep-Patra/go-grpc-sqlite/gen/go/github.com/Akashdeep-Patra/go-grpc-sqlite/user/user.pb.gw.go:202.137,207.17 5 0
github.com/Akashdeep-Patra/go-grpc-sqlite/gen/go/github.com/Akashdeep-Patra/go-grpc-sqlite/user/user.pb.gw.go:207.17,210.4 2 0
github.com/Akashdeep-Patra/go-grpc-sqlite/gen/go/github.com/Akashdeep-Patra/go-grpc-sqlite/user/user.pb.gw.go:211.3,213.17 3 0
github.com/Akashdeep-Patra/go-grpc-sqlite/gen/go/github.com/Akashdeep-Patra/go-grpc-sqlite/user/user.pb.gw.go:213.17,216.4 2 0
github.com/Akashdeep-Patra/go-grpc-sqlite/gen/go/github.com/Akashdeep-Patra/go-grpc-sqlite/user/user.pb.gw.go:217.3,217.124 1 0
github.com/Akashdeep-Patra/go-grpc-sqlite/gen/go/github.com/Akashdeep-Patra/go-grpc-sqlite/user/user.pb.gw.go:219.2,219.12 1 0
github.com/Akashdeep-Patra/go-grpc-sqlite/gen/go/github.com/Akashdeep-Patra/go-grpc-sqlite/user/user_grpc.pb.go:38.74,40.2 1 0
github.com/Akashdeep-Patra/go-grpc-sqlite/gen/go/github.com/Akashdeep-Patra/go-grpc-sqlite/user/user_grpc.pb.go:42.132,46.16 4 0
github.com/Akashdeep-Patra/go-grpc-sqlite/gen/go/github.com/Akashdeep-Patra/go-grpc-sqlite/user/user_grpc.pb.go:46.16,48.3 1 0
github.com/Akashdeep-Patra/go-grpc-sqlite/gen/go/github.com/Akashdeep-Patra/go-grpc-sqlite/user/user_grpc.pb.go:49.2,49.17 1 0
github.com/Akashdeep-Patra/go-grpc-sqlite/gen/go/github.com/Akashdeep-Patra/go-grpc-sqlite/user/user_grpc.pb.go:52.126,56.16 4 0
github.com/Akashdeep-Patra/go-grpc-sqlite/gen/go/github.com/Akashdeep-Patra/go-grpc-sqlite/user/user_grpc.pb.go:56.16,58.3 1 0
github.com/Akashdeep-Patra/go-grpc-sqlite/gen/go/github.com/Akashdeep-Patra/go-grpc-sqlite/user/user_grpc.pb.go:59.2,59.17 1 0
github.com/Akashdeep-Patra/go-grpc-sqlite/gen/go/github.com/Akashdeep-Patra/go-grpc-sqlite/user/user_grpc.pb.go:78.110,80.2 1 0
github.com/Akashdeep-Patra/go-grpc-sqlite/gen/go/github.com/Akashdeep-Patra/go-grpc-sqlite/user/user_grpc.pb.go:81.104,83.2 1 0
github.com/Akashdeep-Patra/go-grpc-sqlite/gen/go/github.com/Akashdeep-Patra/go-grpc-sqlite/user/user_grpc.pb.go:84.82,84.83 0 0
github.com/Akashdeep-Patra/go-grpc-sqlite/gen/go/github.com/Akashdeep-Patra/go-grpc-sqlite/user/user_grpc.pb.go:85.82,85.83 0 0
github.com/Akashdeep-Patra/go-grpc-sqlite/gen/go/github.com/Akashdeep-Patra/go-grpc-sqlite/user/user_grpc.pb.go:94.80,99.59 1 0
github.com/Akashdeep-Patra/go-grpc-sqlite/gen/go/github.com/Akashdeep-Patra/go-grpc-sqlite/user/user_grpc.pb.go:99.59,101.3 1 0
github.com/Akashdeep-Patra/go-grpc-sqlite/gen/go/github.com/Akashdeep-Patra/go-grpc-sqlite/user/user_grpc.pb.go:102.2,102.50 1 0
github.com/Akashdeep-Patra/go-grpc-sqlite/gen/go/github.com/Akashdeep-Patra/go-grpc-sqlite/user/user_grpc.pb.go:105.167,107.32 2 0
github.com/Akashdeep-Patra/go-grpc-sqlite/gen/go/github.com/Akashdeep-Patra/go-grpc-sqlite/user/user_grpc.pb.go:107.32,109.3 1 0
github.com/Akashdeep-Patra/go-grpc-sqlite/gen/go/github.com/Akashdeep-Patra/go-grpc-sqlite/user/user_grpc.pb.go:110.2,110.24 1 0
github.com/Akashdeep-Patra/go-grpc-sqlite/gen/go/github.com/Akashdeep-Patra/go-grpc-sqlite/user/user_grpc.pb.go:110.24,112.3 1 0
github.com/Akashdeep-Patra/go-grpc-sqlite/gen/go/github.com/Akashdeep-Patra/go-grpc-sqlite/user/user_grpc.pb.go:113.2,117.77 2 0
github.com/Akashdeep-Patra/go-grpc-sqlite/gen/go/github.com/Akashdeep-Patra/go-grpc-sqlite/user/user_grpc.pb.go:117.77,119.3 1 0
github.com/Akashdeep-Patra/go-grpc-sqlite/gen/go/github.com/Akashdeep-Patra/go-grpc-sqlite/user/user_grpc.pb.go:120.2,120.44 1 0
github.com/Akashdeep-Patra/go-grpc-sqlite/gen/go/github.com/Akashdeep-Patra/go-grpc-sqlite/user/user_grpc.pb.go:123.164,125.32 2 0
github.com/Akashdeep-Patra/go-grpc-sqlite/gen/go/github.com/Akashdeep-Patra/go-grpc-sqlite/user/user_grpc.pb.go:125.32,127.3 1 0
github.com/Akashdeep-Patra/go-grpc-sqlite/gen/go/github.com/Akashdeep-Patra/go-grpc-sqlite/user/user_grpc.pb.go:128.2,128.24 1 0
github.com/Akashdeep-Patra/go-grpc-sqlite/gen/go/github.com/Akashdeep-Patra/go-grpc-sqlite/user/user_grpc.pb.go:128.24,130.3 1 0
github.com/Akashdeep-Patra/go-grpc-sqlite/gen/go/github.com/Akashdeep-Patra/go-grpc-sqlite/user/user_grpc.pb.go:131.2,135.77 2 0
github.com/Akashdeep-Patra/go-grpc-sqlite/gen/go/github.com/Akashdeep-Patra/go-grpc-sqlite/user/user_grpc.pb.go:135.77,137.3 1 0
github.com/Akashdeep-Patra/go-grpc-sqlite/gen/go/github.com/Akashdeep-Patra/go-grpc-sqlite/user/user_grpc.pb.go:138.2,138.44 1 0
github.com/Akashdeep-Patra/go-grpc-sqlite/gen/go/test-project-grpc/user/user.pb.go:34.37,39.2 4 0
github.com/Akashdeep-Patra/go-grpc-sqlite/gen/go/test-project-grpc/user/user.pb.go:41.45,43.2 1 0
github.com/Akashdeep-Patra/go-grpc-sqlite/gen/go/test-project-grpc/user/user.pb.go:45.43,45.44 0 0
github.com/Akashdeep-Patra/go-grpc-sqlite/gen/go/test-project-grpc/user/user.pb.go:47.65,49.14 2 0
github.com/Akashdeep-Patra/go-grpc-sqlite/gen/go/test-project-grpc/user/user.pb.go:49.14,51.34 2 0
github.com/Akashdeep-Patra/go-grpc-sqlite/gen/go/test-project-grpc/user/user.pb.go:51.34,53.4 1 0
github.com/Akashdeep-Patra/go-grpc-sqlite/gen/go/test-project-grpc/user/user.pb.go:54.3,54.12 1 0
github.com/Akashdeep-Patra/go-grpc-sqlite/gen/go/test-project-grpc/user/user.pb.go:56.2,56.24 1 0
github.com/Akashdeep-Patra/go-grpc-sqlite/gen/go/test-project-grpc/user/user.pb.go:60.56,62.2 1 0
github.com/Akashdeep-Patra/go-grpc-sqlite/gen/go/test-project-grpc/user/user.pb.go:64.46,65.14 1 0
github.com/Akashdeep-Patra/go-grpc-sqlite/gen/go/test-project-grpc/user/user.pb.go:65.14,67.3 1 0
github.com/Akashdeep-Patra/go-grpc-sqlite/gen/go/test-project-grpc/user/user.pb.go:68.2,68.11 1 0
github.com/Akashdeep-Patra/go-grpc-sqlite/gen/go/test-project-grpc/user/user.pb.go:71.47,72.14 1 0
github.com/Akashdeep-Patra/go-grpc-sqlite/gen/go/test-project-grpc/user/user.pb.go:72.14,74.3 1 0
github.com/Akashdeep-Patra/go-grpc-sqlite/gen/go/test-project-grpc/user/user.pb.go:75.2,75.11 1 0
github.com/Akashdeep-Patra/go-grpc-sqlite/gen/go/test-project-grpc/user/user.pb.go:85.34,90.2 4 0
github.com/Akashdeep-Patra/go-grpc-sqlite/gen/go/test-project-grpc/user/user.pb.go:92.42,94.2 1 0
github.com/Akashdeep-Patra/go-grpc-sqlite/gen/go/test-project-grpc/user/user.pb.go:96.40,96.41 0 0
github.com/Akashdeep-Patra/go-grpc-sqlite/gen/go/test-project-grpc/user/user.pb.go:98.62,100.14 2 0
github.com/Akashdeep-Patra/go-grpc-sqlite/gen/go/test-project-grpc/user/user.pb.go:100.14,102.34 2 0
github.com/Akashdeep-Patra/go-grpc-sqlite/gen/go/test-project-grpc/user/user.pb.go:102.34,104.4 1 0
github.com/Akashdeep-Patra/go-grpc-sqlite/gen/go/test-project-grpc/user/user.pb.go:105.3,105.12 1 0
github.com/Akashdeep-Patra/go-grpc-sqlite/gen/go/test-project-grpc/user/user.pb.go:107.2,107.24 1 0
github.com/Akashdeep-Patra/go-grpc-sqlite/gen/go/test-project-grpc/user/user.pb.go:111.53,113.2 1 0
github.com/Akashdeep-Patra/go-grpc-sqlite/gen/go/test-project-grpc/user/user.pb.go:115.41,116.14 1 0
github.com/Akashdeep-Patra/go-grpc-sqlite/gen/go/test-project-grpc/user/user.pb.go:116.14,118.3 1 0
github.com/Akashdeep-Patra/go-grpc-sqlite/gen/go/test-project-grpc/user/user.pb.go:119.2,119.11 1 0
github.com/Akashdeep-Patra/go-grpc-sqlite/gen/go/test-project-grpc/user/user.pb.go:131.32,136.2 4 0
github.com/Akashdeep-Patra/go-grpc-sqlite/gen/go/test-project-grpc/user/user.pb.go:138.40,140.2 1 0
github.com/Akashdeep-Patra/go-grpc-sqlite/gen/go/test-project-grpc/user/user.pb.go:142.38,142.39 0 0
github.com/Akashdeep-Patra/go-grpc-sqlite/gen/go/test-project-grpc/user/user.pb.go:144.60,146.14 2 0
github.com/Akashdeep-Patra/go-grpc-sqlite/gen/go/test-project-grpc/user/user.pb.go:146.14,148.34 2 0
github.com/Akashdeep-Patra/go-grpc-sqlite/gen/go/test-project-grpc/user/user.pb.go:148.34,150.4 1 0
github.com/Akashdeep-Patra/go-grpc-sqlite/gen/go/test-project-grpc/user/user.pb.go:151.3,151.12 1 0
github.com/Akashdeep-Patra/go-grpc-sqlite/gen/go/test-project-grpc/user/user.pb.go:153.2,153.24 1 0
github.com/Akashdeep-Patra/go-grpc-sqlite/gen/go/test-project-grpc/user/user.pb.go:157.51,159.2 1 0
github.com/Akashdeep-Patra/go-grpc-sqlite/gen/go/test-project-grpc/user/user.pb.go:161.39,162.14 1 0
github.com/Akashdeep-Patra/go-grpc-sqlite/gen/go/test-project-grpc/user/user.pb.go:162.14,164.3 1 0
github.com/Akashdeep-Patra/go-grpc-sqlite/gen/go/test-project-grpc/user/user.pb.go:165.2,165.11 1 0
github.com/Akashdeep-Patra/go-grpc-sqlite/gen/go/test-project-grpc/user/user.pb.go:168.41,169.14 1 0
github.com/Akashdeep-Patra/go-grpc-sqlite/gen/go/test-project-grpc/user/user.pb.go:169.14,171.3 1 0
github.com/Akashdeep-Patra/go-grpc-sqlite/gen/go/test-project-grpc/user/user.pb.go:172.2,172.11 1 0
github.com/Akashdeep-Patra/go-grpc-sqlite/gen/go/test-project-grpc/user/user.pb.go:175.42,176.14 1 0
github.com/Akashdeep-Patra/go-grpc-sqlite/gen/go/test-project-grpc/user/user.pb.go:176.14,178.3 1 0
github.com/Akashdeep-Patra/go-grpc-sqlite/gen/go/test-project-grpc/user/user.pb.go:179.2,179.11 1 0
github.com/Akashdeep-Patra/go-grpc-sqlite/gen/go/test-project-grpc/user/user.pb.go:213.47,214.44 1 0
github.com/Akashdeep-Patra/go-grpc-sqlite/gen/go/test-project-grpc/user/user.pb.go:214.44,216.3 1 0
github.com/Akashdeep-Patra/go-grpc-sqlite/gen/go/test-project-grpc/user/user.pb.go:217.2,217.40 1 0
github.com/Akashdeep-Patra/go-grpc-sqlite/gen/go/test-project-grpc/user/user.pb.go:238.13,238.43 1 0
github.com/Akashdeep-Patra/go-grpc-sqlite/gen/go/test-project-grpc/user/user.pb.go:239.33,240.32 1 0
github.com/Akashdeep-Patra/go-grpc-sqlite/gen/go/test-project-grpc/user/user.pb.go:240.32,242.3 1 0
github.com/Akashdeep-Patra/go-grpc-sqlite/gen/go/test-project-grpc/user/user.pb.go:243.2,259.35 5 0
github.com/Akashdeep-Patra/go-grpc-sqlite/gen/go/test-project-grpc/user/user.pb.gw.go:38.211,43.100 2 0
github.com/Akashdeep-Patra/go-grpc-sqlite/gen/go/test-project-grpc/user/user.pb.gw.go:43.100,45.3 1 0
github.com/Akashdeep-Patra/go-grpc-sqlite/gen/go/test-project-grpc/user/user.pb.gw.go:46.2,47.27 2 0
github.com/Akashdeep-Patra/go-grpc-sqlite/gen/go/test-project-grpc/user/user.pb.gw.go:50.217,55.100 2 0
github.com/Akashdeep-Patra/go-grpc-sqlite/gen/go/test-project-grpc/user/user.pb.gw.go:55.100,57.3 1 0
github.com/Akashdeep-Patra/go-grpc-sqlite/gen/go/test-project-grpc/user/user.pb.gw.go:58.2,59.27 2 0
github.com/Akashdeep-Patra/go-grpc-sqlite/gen/go/test-project-grpc/user/user.pb.gw.go:62.208,70.9 4 0
github.com/Akashdeep-Patra/go-grpc-sqlite/gen/go/test-project-grpc/user/user.pb.gw.go:70.9,72.3 1 0
github.com/Akashdeep-Patra/go-grpc-sqlite/gen/go/test-project-grpc/user/user.pb.gw.go:73.2,74.16 2 0
github.com/Akashdeep-Patra/go-grpc-sqlite/gen/go/test-project-grpc/user/user.pb.gw.go:74.16,76.3 1 0
github.com/Akashdeep-Patra/go-grpc-sqlite/gen/go/test-project-grpc/user/user.pb.gw.go:77.2,78.27 2 0
github.com/Akashdeep-Patra/go-grpc-sqlite/gen/go/test-project-grpc/user/user.pb.gw.go:81.214,88.9 3 0
github.com/Akashdeep-Patra/go-grpc-sqlite/gen/go/test-project-grpc/user/user.pb.gw.go:88.9,90.3 1 0
github.com/Akashdeep-Patra/go-grpc-sqlite/gen/go/test-project-grpc/user/user.pb.gw.go:91.2,92.16 2 0
github.com/Akashdeep-Patra/go-grpc-sqlite/gen/go/test-project-grpc/user/user.pb.gw.go:92.16,94.3 1 0
github.com/Akashdeep-Patra/go-grpc-sqlite/gen/go/test-project-grpc/user/user.pb.gw.go:95.2,96.27 2 0
github.com/Akashdeep-Patra/go-grpc-sqlite/gen/go/test-project-grpc/user/user.pb.gw.go:104.115,105.141 1 0
github.com/Akashdeep-Patra/go-grpc-sqlite/gen/go/test-project-grpc/user/user.pb.gw.go:105.141,112.17 7 0
github.com/Akashdeep-Patra/go-grpc-sqlite/gen/go/test-project-grpc/user/user.pb.gw.go:112.17,115.4 2 0
github.com/Akashdeep-Patra/go-grpc-sqlite/gen/go/test-project-grpc/user/user.pb.gw.go:116.3,119.17 4 0
github.com/Akashdeep-Patra/go-grpc-sqlite/gen/go/test-project-grpc/user/user.pb.gw.go:119.17,122.4 2 0
github.com/Akashdeep-Patra/go-grpc-sqlite/gen/go/test-project-grpc/user/user.pb.gw.go:123.3,123.127 1 0
github.com/Akashdeep-Patra/go-grpc-sqlite/gen/go/test-project-grpc/user/user.pb.gw.go:125.2,125.137 1 0
github.com/Akashdeep-Patra/go-grpc-sqlite/gen/go/test-project-grpc/user/user.pb.gw.go:125.137,132.17 7 0
github.com/Akashdeep-Patra/go-grpc-sqlite/gen/go/test-project-grpc/user/user.pb.gw.go:132.17,135.4 2 0
github.com/Akashdeep-Patra/go-grpc-sqlite/gen/go/test-project-grpc/user/user.pb.gw.go:136.3,139.17 4 0
github.com/Akashdeep-Patra/go-grpc-sqlite/gen/go/test-project-grpc/user/user.pb.gw.go:139.17,142.4 2 0
github.com/Akashdeep-Patra/go-grpc-sqlite/gen/go/test-project-grpc/user/user.pb.gw.go:143.3,143.124 1 0
github.com/Akashdeep-Patra/go-grpc-sqlite/gen/go/test-project-grpc/user/user.pb.gw.go:146.2,146.12 1 0
github.com/Akashdeep-Patra/go-grpc-sqlite/gen/go/test-project-grpc/user/user.pb.gw.go:151.142,153.16 2 0
github.com/Akashdeep-Patra/go-grpc-sqlite/gen/go/test-project-grpc/user/user.pb.gw.go:153.16,155.3 1 0
github.com/Akashdeep-Patra/go-grpc-sqlite/gen/go/test-project-grpc/user/user.pb.gw.go:156.2,156.15 1 0
github.com/Akashdeep-Patra/go-grpc-sqlite/gen/go/test-project-grpc/user/user.pb.gw.go:156.15,157.17 1 0
github.com/Akashdeep-Patra/go-grpc-sqlite/gen/go/test-project-grpc/user/user.pb.gw.go:157.17,158.41 1 0
github.com/Akashdeep-Patra/go-grpc-sqlite/gen/go/test-project-grpc/user/user.pb.gw.go:158.41,160.5 1 0
github.com/Akashdeep-Patra/go-grpc-sqlite/gen/go/test-project-grpc/user/user.pb.gw.go:161.4,161.10 1 0
github.com/Akashdeep-Patra/go-grpc-sqlite/gen/go/test-project-grpc/user/user.pb.gw.go:163.3,163.13 1 0
github.com/Akashdeep-Patra/go-grpc-sqlite/gen/go/test-project-grpc/user/user.pb.gw.go:163.13,165.41 2 0
github.com/Akashdeep-Patra/go-grpc-sqlite/gen/go/test-project-grpc/user/user.pb.gw.go:165.41,167.5 1 0
github.com/Akashdeep-Patra/go-grpc-sqlite/gen/go/test-project-grpc/user/user.pb.gw.go:170.2,170.51 1 0
github.com/Akashdeep-Patra/go-grpc-sqlite/gen/go/test-project-grpc/user/user.pb.gw.go:175.106,177.2 1 0
github.com/Akashdeep-Patra/go-grpc-sqlite/gen/go/test-project-grpc/user/user.pb.gw.go:184.115,185.141 1 0
github.com/Akashdeep-Patra/go-grpc-sqlite/gen/go/test-project-grpc/user/user.pb.gw.go:185.141,190.17 5 0
github.com/Akashdeep-Patra/go-grpc-sqlite/gen/go/test-project-grpc/user/user.pb.gw.go:190.17,193.4 2 0
github.com/Akashdeep-Patra/go-grpc-sqlite/gen/go/test-project-grpc/user/user.pb.gw.go:194.3,196.17 3 0
github.com/Akashdeep-Patra/go-grpc-sqlite/gen/go/test-project-grpc/user/user.pb.gw.go:196.17,199.4 2 0
github.com/Akashdeep-Patra/go-grpc-sqlite/gen/go/test-project-grpc/user/user.pb.gw.go:200.3,200.127 1 0
github.com/Akashdeep-Patra/go-grpc-sqlite/gen/go/test-project-grpc/user/user.pb.gw.go:202.2,202.137 1 0
github.com/Akashdeep-Patra/go-grpc-sqlite/gen/go/test-project-grpc/user/user.pb.gw.go:202.137,207.17 5 0
github.com/Akashdeep-Patra/go-grpc-sqlite/gen/go/test-project-grpc/user/user.pb.gw.go:207.17,210.4 2 0
github.com/Akashdeep-Patra/go-grpc-sqlite/gen/go/test-project-grpc/user/user.pb.gw.go:211.3,213.17 3 0
github.com/Akashdeep-Patra/go-grpc-sqlite/gen/go/test-project-grpc/user/user.pb.gw.go:213.17,216.4 2 0
github.com/Akashdeep-Patra/go-grpc-sqlite/gen/go/test-project-grpc/user/user.pb.gw.go:217.3,217.124 1 0
github.com/Akashdeep-Patra/go-grpc-sqlite/gen/go/test-project-grpc/user/user.pb.gw.go:219.2,219.12 1 0
github.com/Akashdeep-Patra/go-grpc-sqlite/gen/go/test-project-grpc/user/user_grpc.pb.go:38.74,40.2 1 0
github.com/Akashdeep-Patra/go-grpc-sqlite/gen/go/test-project-grpc/user/user_grpc.pb.go:42.132,46.16 4 0
github.com/Akashdeep-Patra/go-grpc-sqlite/gen/go/test-project-grpc/user/user_grpc.pb.go:46.16,48.3 1 0
github.com/Akashdeep-Patra/go-grpc-sqlite/gen/go/test-project-grpc/user/user_grpc.pb.go:49.2,49.17 1 0
github.com/Akashdeep-Patra/go-grpc-sqlite/gen/go/test-project-grpc/user/user_grpc.pb.go:52.126,56.16 4 0
github.com/Akashdeep-Patra/go-grpc-sqlite/gen/go/test-project-grpc/user/user_grpc.pb.go:56.16,58.3 1 0
github.com/Akashdeep-Patra/go-grpc-sqlite/gen/go/test-project-grpc/user/user_grpc.pb.go:59.2,59.17 1 0
github.com/Akashdeep-Patra/go-grpc-sqlite/gen/go/test-project-grpc/user/user_grpc.pb.go:78.110,80.2 1 0
github.com/Akashdeep-Patra/go-grpc-sqlite/gen/go/test-project-grpc/user/user_grpc.pb.go:81.104,83.2 1 0
github.com/Akashdeep-Patra/go-grpc-sqlite/gen/go/test-project-grpc/user/user_grpc.pb.go:84.82,84.83 0 0
github.com/Akashdeep-Patra/go-grpc-sqlite/gen/go/test-project-grpc/user/user_grpc.pb.go:85.82,85.83 0 0
github.com/Akashdeep-Patra/go-grpc-sqlite/gen/go/test-project-grpc/user/user_grpc.pb.go:94.80,99.59 1 0
github.com/Akashdeep-Patra/go-grpc-sqlite/gen/go/test-project-grpc/user/user_grpc.pb.go:99.59,101.3 1 0
github.com/Akashdeep-Patra/go-grpc-sqlite/gen/go/test-project-grpc/user/user_grpc.pb.go:102.2,102.50 1 0
github.com/Akashdeep-Patra/go-grpc-sqlite/gen/go/test-project-grpc/user/user_grpc.pb.go:105.167,107.32 2 0
github.com/Akashdeep-Patra/go-grpc-sqlite/gen/go/test-project-grpc/user/user_grpc.pb.go:107.32,109.3 1 0
github.com/Akashdeep-Patra/go-grpc-sqlite/gen/go/test-project-grpc/user/user_grpc.pb.go:110.2,110.24 1 0
github.com/Akashdeep-Patra/go-grpc-sqlite/gen/go/test-project-grpc/user/user_grpc.pb.go:110.24,112.3 1 0
github.com/Akashdeep-Patra/go-grpc-sqlite/gen/go/test-project-grpc/user/user_grpc.pb.go:113.2,117.77 2 0
github.com/Akashdeep-Patra/go-grpc-sqlite/gen/go/test-project-grpc/user/user_grpc.pb.go:117.77,119.3 1 0
github.com/Akashdeep-Patra/go-grpc-sqlite/gen/go/test-project-grpc/user/user_grpc.pb.go:120.2,120.44 1 0
github.com/Akashdeep-Patra/go-grpc-sqlite/gen/go/test-project-grpc/user/user_grpc.pb.go:123.164,125.32 2 0
github.com/Akashdeep-Patra/go-grpc-sqlite/gen/go/test-project-grpc/user/user_grpc.pb.go:125.32,127.3 1 0
github.com/Akashdeep-Patra/go-grpc-sqlite/gen/go/test-project-grpc/user/user_grpc.pb.go:128.2,128.24 1 0
github.com/Akashdeep-Patra/go-grpc-sqlite/gen/go/test-project-grpc/user/user_grpc.pb.go:128.24,130.3 1 0
github.com/Akashdeep-Patra/go-grpc-sqlite/gen/go/test-project-grpc/user/user_grpc.pb.go:131.2,135.77 2 0
github.com/Akashdeep-Patra/go-grpc-sqlite/gen/go/test-project-grpc/user/user_grpc.pb.go:135.77,137.3 1 0
github.com/Akashdeep-Patra/go-grpc-sqlite/gen/go/test-project-grpc/user/user_grpc.pb.go:138.2,138.44 1 0
github.com/Akashdeep-Patra/go-grpc-sqlite/github.com/akashdeep/test-project-grpc/user/user.pb.go:32.37,37.2 4 0
github.com/Akashdeep-Patra/go-grpc-sqlite/github.com/akashdeep/test-project-grpc/user/user.pb.go:39.45,41.2 1 0
github.com/Akashdeep-Patra/go-grpc-sqlite/github.com/akashdeep/test-project-grpc/user/user.pb.go:43.43,43.44 0 0
github.com/Akashdeep-Patra/go-grpc-sqlite/github.com/akashdeep/test-project-grpc/user/user.pb.go:45.65,47.14 2 0
github.com/Akashdeep-Patra/go-grpc-sqlite/github.com/akashdeep/test-project-grpc/user/user.pb.go:47.14,49.34 2 0
github.com/Akashdeep-Patra/go-grpc-sqlite/github.com/akashdeep/test-project-grpc/user/user.pb.go:49.34,51.4 1 0
github.com/Akashdeep-Patra/go-grpc-sqlite/github.com/akashdeep/test-project-grpc/user/user.pb.go:52.3,52.12 1 0
github.com/Akashdeep-Patra/go-grpc-sqlite/github.com/akashdeep/test-project-grpc/user/user.pb.go:54.2,54.24 1 0
github.com/Akashdeep-Patra/go-grpc-sqlite/github.com/akashdeep/test-project-grpc/user/user.pb.go:58.56,60.2 1 0
github.com/Akashdeep-Patra/go-grpc-sqlite/github.com/akashdeep/test-project-grpc/user/user.pb.go:62.46,63.14 1 0
github.com/Akashdeep-Patra/go-grpc-sqlite/github.com/akashdeep/test-project-grpc/user/user.pb.go:63.14,65.3 1 0
github.com/Akashdeep-Patra/go-grpc-sqlite/github.com/akashdeep/test-project-grpc/user/user.pb.go:66.2,66.11 1 0
github.com/Akashdeep-Patra/go-grpc-sqlite/github.com/akashdeep/test-project-grpc/user/user.pb.go:69.47,70.14 1 0
github.com/Akashdeep-Patra/go-grpc-sqlite/github.com/akashdeep/test-project-grpc/user/user.pb.go:70.14,72.3 1 0
github.com/Akashdeep-Patra/go-grpc-sqlite/github.com/akashdeep/test-project-grpc/user/user.pb.go:73.2,73.11 1 0
github.com/Akashdeep-Patra/go-grpc-sqlite/github.com/akashdeep/test-project-grpc/user/user.pb.go:83.34,88.2 4 0
github.com/Akashdeep-Patra/go-grpc-sqlite/github.com/akashdeep/test-project-grpc/user/user.pb.go:90.42,92.2 1 0
github.com/Akashdeep-Patra/go-grpc-sqlite/github.com/akashdeep/test-project-grpc/user/user.pb.go:94.40,94.41 0 0
github.com/Akashdeep-Patra/go-grpc-sqlite/github.com/akashdeep/test-project-grpc/user/user.pb.go:96.62,98.14 2 0
github.com/Akashdeep-Patra/go-grpc-sqlite/github.com/akashdeep/test-project-grpc/user/user.pb.go:98.14,100.34 2 0
github.com/Akashdeep-Patra/go-grpc-sqlite/github.com/akashdeep/test-project-grpc/user/user.pb.go:100.34,102.4 1 0
github.com/Akashdeep-Patra/go-grpc-sqlite/github.com/akashdeep/test-project-grpc/user/user.pb.go:103.3,103.12 1 0
github.com/Akashdeep-Patra/go-grpc-sqlite/github.com/akashdeep/test-project-grpc/user/user.pb.go:105.2,105.24 1 0
github.com/Akashdeep-Patra/go-grpc-sqlite/github.com/akashdeep/test-project-grpc/user/user.pb.go:109.53,111.2 1 0
github.com/Akashdeep-Patra/go-grpc-sqlite/github.com/akashdeep/test-project-grpc/user/user.pb.go:113.41,114.14 1 0
github.com/Akashdeep-Patra/go-grpc-sqlite/github.com/akashdeep/test-project-grpc/user/user.pb.go:114.14,116.3 1 0
github.com/Akashdeep-Patra/go-grpc-sqlite/github.com/akashdeep/test-project-grpc/user/user.pb.go:117.2,117.11 1 0
github.com/Akashdeep-Patra/go-grpc-sqlite/github.com/akashdeep/test-project-grpc/user/user.pb.go:129.32,134.2 4 0
github.com/Akashdeep-Patra/go-grpc-sqlite/github.com/akashdeep/test-project-grpc/user/user.pb.go:136.40,138.2 1 0
github.com/Akashdeep-Patra/go-grpc-sqlite/github.com/akashdeep/test-project-grpc/user/user.pb.go:140.38,140.39 0 0
github.com/Akashdeep-Patra/go-grpc-sqlite/github.com/akashdeep/test-project-grpc/user/user.pb.go:142.60,144.14 2 0
github.com/Akashdeep-Patra/go-grpc-sqlite/github.com/akashdeep/test-project-grpc/user/user.pb.go:144.14,146.34 2 0
github.com/Akashdeep-Patra/go-grpc-sqlite/github.com/akashdeep/test-project-grpc/user/user.pb.go:146.34,148.4 1 0
github.com/Akashdeep-Patra/go-grpc-sqlite/github.com/akashdeep/test-project-grpc/user/user.pb.go:149.3,149.12 1 0
github.com/Akashdeep-Patra/go-grpc-sqlite/github.com/akashdeep/test-project-grpc/user/user.pb.go:151.2,151.24 1 0
github.com/Akashdeep-Patra/go-grpc-sqlite/github.com/akashdeep/test-project-grpc/user/user.pb.go:155.51,157.2 1 0
github.com/Akashdeep-Patra/go-grpc-sqlite/github.com/akashdeep/test-project-grpc/user/user.pb.go:159.39,160.14 1 0
github.com/Akashdeep-Patra/go-grpc-sqlite/github.com/akashdeep/test-project-grpc/user/user.pb.go:160.14,162.3 1 0
github.com/Akashdeep-Patra/go-grpc-sqlite/github.com/akashdeep/test-project-grpc/user/user.pb.go:163.2,163.11 1 0
github.com/Akashdeep-Patra/go-grpc-sqlite/github.com/akashdeep/test-project-grpc/user/user.pb.go:166.41,167.14 1 0
github.com/Akashdeep-Patra/go-grpc-sqlite/github.com/akashdeep/test-project-grpc/user/user.pb.go:167.14,169.3 1 0
github.com/Akashdeep-Patra/go-grpc-sqlite/github.com/akashdeep/test-project-grpc/user/user.pb.go:170.2,170.11 1 0
github.com/Akashdeep-Patra/go-grpc-sqlite/github.com/akashdeep/test-project-grpc/user/user.pb.go:173.42,174.14 1 0
github.com/Akashdeep-Patra/go-grpc-sqlite/github.com/akashdeep/test-project-grpc/user/user.pb.go:174.14,176.3 1 0
github.com/Akashdeep-Patra/go-grpc-sqlite/github.com/akashdeep/test-project-grpc/user/user.pb.go:177.2,177.11 1 0
github.com/Akashdeep-Patra/go-grpc-sqlite/github.com/akashdeep/test-project-grpc/user/user.pb.go:204.47,205.44 1 0
github.com/Akashdeep-Patra/go-grpc-sqlite/github.com/akashdeep/test-project-grpc/user/user.pb.go:205.44,207.3 1 0
github.com/Akashdeep-Patra/go-grpc-sqlite/github.com/akashdeep/test-project-grpc/user/user.pb.go:208.2,208.40 1 0
github.com/Akashdeep-Patra/go-grpc-sqlite/github.com/akashdeep/test-project-grpc/user/user.pb.go:229.13,229.43 1 0
github.com/Akashdeep-Patra/go-grpc-sqlite/github.com/akashdeep/test-project-grpc/user/user.pb.go:230.33,231.32 1 0
github.com/Akashdeep-Patra/go-grpc-sqlite/github.com/akashdeep/test-project-grpc/user/user.pb.go:231.32,233.3 1 0
github.com/Akashdeep-Patra/go-grpc-sqlite/github.com/akashdeep/test-project-grpc/user/user.pb.go:234.2,250.35 5 0
github.com/Akashdeep-Patra/go-grpc-sqlite/github.com/akashdeep/test-project-grpc/user/user_grpc.pb.go:38.74,40.2 1 0
github.com/Akashdeep-Patra/go-grpc-sqlite/github.com/akashdeep/test-project-grpc/user/user_grpc.pb.go:42.132,46.16 4 0
github.com/Akashdeep-Patra/go-grpc-sqlite/github.com/akashdeep/test-project-grpc/user/user_grpc.pb.go:46.16,48.3 1 0
github.com/Akashdeep-Patra/go-grpc-sqlite/github.com/akashdeep/test-project-grpc/user/user_grpc.pb.go:49.2,49.17 1 0
github.com/Akashdeep-Patra/go-grpc-sqlite/github.com/akashdeep/test-project-grpc/user/user_grpc.pb.go:52.126,56.16 4 0
github.com/Akashdeep-Patra/go-grpc-sqlite/github.com/akashdeep/test-project-grpc/user/user_grpc.pb.go:56.16,58.3 1 0
github.com/Akashdeep-Patra/go-grpc-sqlite/github.com/akashdeep/test-project-grpc/user/user_grpc.pb.go:59.2,59.17 1 0
github.com/Akashdeep-Patra/go-grpc-sqlite/github.com/akashdeep/test-project-grpc/user/user_grpc.pb.go:78.110,80.2 1 0
github.com/Akashdeep-Patra/go-grpc-sqlite/github.com/akashdeep/test-project-grpc/user/user_grpc.pb.go:81.104,83.2 1 0
github.com/Akashdeep-Patra/go-grpc-sqlite/github.com/akashdeep/test-project-grpc/user/user_grpc.pb.go:84.82,84.83 0 0
github.com/Akashdeep-Patra/go-grpc-sqlite/github.com/akashdeep/test-project-grpc/user/user_grpc.pb.go:85.82,85.83 0 0
github.com/Akashdeep-Patra/go-grpc-sqlite/github.com/akashdeep/test-project-grpc/user/user_grpc.pb.go:94.80,99.59 1 0
github.com/Akashdeep-Patra/go-grpc-sqlite/github.com/akashdeep/test-project-grpc/user/user_grpc.pb.go:99.59,101.3 1 0
github.com/Akashdeep-Patra/go-grpc-sqlite/github.com/akashdeep/test-project-grpc/user/user_grpc.pb.go:102.2,102.50 1 0
github.com/Akashdeep-Patra/go-grpc-sqlite/github.com/akashdeep/test-project-grpc/user/user_grpc.pb.go:105.167,107.32 2 0
github.com/Akashdeep-Patra/go-grpc-sqlite/github.com/akashdeep/test-project-grpc/user/user_grpc.pb.go:107.32,109.3 1 0
github.com/Akashdeep-Patra/go-grpc-sqlite/github.com/akashdeep/test-project-grpc/user/user_grpc.pb.go:110.2,110.24 1 0
github.com/Akashdeep-Patra/go-grpc-sqlite/github.com/akashdeep/test-project-grpc/user/user_grpc.pb.go:110.24,112.3 1 0
github.com/Akashdeep-Patra/go-grpc-sqlite/github.com/akashdeep/test-project-grpc/user/user_grpc.pb.go:113.2,117.77 2 0
github.com/Akashdeep-Patra/go-grpc-sqlite/github.com/akashdeep/test-project-grpc/user/user_grpc.pb.go:117.77,119.3 1 0
github.com/Akashdeep-Patra/go-grpc-sqlite/github.com/akashdeep/test-project-grpc/user/user_grpc.pb.go:120.2,120.44 1 0
github.com/Akashdeep-Patra/go-grpc-sqlite/github.com/akashdeep/test-project-grpc/user/user_grpc.pb.go:123.164,125.32 2 0
github.com/Akashdeep-Patra/go-grpc-sqlite/github.com/akashdeep/test-project-grpc/user/user_grpc.pb.go:125.32,127.3 1 0
github.com/Akashdeep-Patra/go-grpc-sqlite/github.com/akashdeep/test-project-grpc/user/user_grpc.pb.go:128.2,128.24 1 0
github.com/Akashdeep-Patra/go-grpc-sqlite/github.com/akashdeep/test-project-grpc/user/user_grpc.pb.go:128.24,130.3 1 0
github.com/Akashdeep-Patra/go-grpc-sqlite/github.com/akashdeep/test-project-grpc/user/user_grpc.pb.go:131.2,135.77 2 0
github.com/Akashdeep-Patra/go-grpc-sqlite/github.com/akashdeep/test-project-grpc/user/user_grpc.pb.go:135.77,137.3 1 0
github.com/Akashdeep-Patra/go-grpc-sqlite/github.com/akashdeep/test-project-grpc/user/user_grpc.pb.go:138.2,138.44 1 0
github.com/Akashdeep-Patra/go-grpc-sqlite/github.com/you/awesome-backend/user/user.pb.go:32.37,37.2 4 0
github.com/Akashdeep-Patra/go-grpc-sqlite/github.com/you/awesome-backend/user/user.pb.go:39.45,41.2 1 0
github.com/Akashdeep-Patra/go-grpc-sqlite/github.com/you/awesome-backend/user/user.pb.go:43.43,43.44 0 0
github.com/Akashdeep-Patra/go-grpc-sqlite/github.com/you/awesome-backend/user/user.pb.go:45.65,47.14 2 0
github.com/Akashdeep-Patra/go-grpc-sqlite/github.com/you/awesome-backend/user/user.pb.go:47.14,49.34 2 0
github.com/Akashdeep-Patra/go-grpc-sqlite/github.com/you/awesome-backend/user/user.pb.go:49.34,51.4 1 0
github.com/Akashdeep-Patra/go-grpc-sqlite/github.com/you/awesome-backend/user/user.pb.go:52.3,52.12 1 0
github.com/Akashdeep-Patra/go-grpc-sqlite/github.com/you/awesome-backend/user/user.pb.go:54.2,54.24 1 0
github.com/Akashdeep-Patra/go-grpc-sqlite/github.com/you/awesome-backend/user/user.pb.go:58.56,60.2 1 0
github.com/Akashdeep-Patra/go-grpc-sqlite/github.com/you/awesome-backend/user/user.pb.go:62.46,63.14 1 0
github.com/Akashdeep-Patra/go-grpc-sqlite/github.com/you/awesome-backend/user/user.pb.go:63.14,65.3 1 0
github.com/Akashdeep-Patra/go-grpc-sqlite/github.com/you/awesome-backend/user/user.pb.go:66.2,66.11 1 0
github.com/Akashdeep-Patra/go-grpc-sqlite/github.com/you/awesome-backend/user/user.pb.go:69.47,70.14 1 0
github.com/Akashdeep-Patra/go-grpc-sqlite/github.com/you/awesome-backend/user/user.pb.go:70.14,72.3 1 0
github.com/Akashdeep-Patra/go-grpc-sqlite/github.com/you/awesome-backend/user/user.pb.go:73.2,73.11 1 0
github.com/Akashdeep-Patra/go-grpc-sqlite/github.com/you/awesome-backend/user/user.pb.go:83.34,88.2 4 0
github.com/Akashdeep-Patra/go-grpc-sqlite/github.com/you/awesome-backend/user/user.pb.go:90.42,92.2 1 0
github.com/Akashdeep-Patra/go-grpc-sqlite/github.com/you/awesome-backend/user/user.pb.go:94.40,94.41 0 0
github.com/Akashdeep-Patra/go-grpc-sqlite/github.com/you/awesome-backend/user/user.pb.go:96.62,98.14 2 0
github.com/Akashdeep-Patra/go-grpc-sqlite/github.com/you/awesome-backend/user/user.pb.go:98.14,100.34 2 0
github.com/Akashdeep-Patra/go-grpc-sqlite/github.com/you/awesome-backend/user/user.pb.go:100.34,102.4 1 0
github.com/Akashdeep-Patra/go-grpc-sqlite/github.com/you/awesome-backend/user/user.pb.go:103.3,103.12 1 0
github.com/Akashdeep-Patra/go-grpc-sqlite/github.com/you/awesome-backend/user/user.pb.go:105.2,105.24 1 0
github.com/Akashdeep-Patra/go-grpc-sqlite/github.com/you/awesome-backend/user/user.pb.go:109.53,111.2 1 0
github.com/Akashdeep-Patra/go-grpc-sqlite/github.com/you/awesome-backend/user/user.pb.go:113.41,114.14 1 0
github.com/Akashdeep-Patra/go-grpc-sqlite/github.com/you/awesome-backend/user/user.pb.go:114.14,116.3 1 0
github.com/Akashdeep-Patra/go-grpc-sqlite/github.com/you/awesome-backend/user/user.pb.go:117.2,117.11 1 0
github.com/Akashdeep-Patra/go-grpc-sqlite/github.com/you/awesome-backend/user/user.pb.go:129.32,134.2 4 0
github.com/Akashdeep-Patra/go-grpc-sqlite/github.com/you/awesome-backend/user/user.pb.go:136.40,138.2 1 0
github.com/Akashdeep-Patra/go-grpc-sqlite/github.com/you/awesome-backend/user/user.pb.go:140.38,140.39 0 0
github.com/Akashdeep-Patra/go-grpc-sqlite/github.com/you/awesome-backend/user/user.pb.go:142.60,144.14 2 0
github.com/Akashdeep-Patra/go-grpc-sqlite/github.com/you/awesome-backend/user/user.pb.go:144.14,146.34 2 0
github.com/Akashdeep-Patra/go-grpc-sqlite/github.com/you/awesome-backend/user/user.pb.go:146.34,148.4 1 0
github.com/Akashdeep-Patra/go-grpc-sqlite/github.com/you/awesome-backend/user/user.pb.go:149.3,149.12 1 0
github.com/Akashdeep-Patra/go-grpc-sqlite/github.com/you/awesome-backend/user/user.pb.go:151.2,151.24 1 0
github.com/Akashdeep-Patra/go-grpc-sqlite/github.com/you/awesome-backend/user/user.pb.go:155.51,157.2 1 0
github.com/Akashdeep-Patra/go-grpc-sqlite/github.com/you/awesome-backend/user/user.pb.go:159.39,160.14 1 0
github.com/Akashdeep-Patra/go-grpc-sqlite/github.com/you/awesome-backend/user/user.pb.go:160.14,162.3 1 0
github.com/Akashdeep-Patra/go-grpc-sqlite/github.com/you/awesome-backend/user/user.pb.go:163.2,163.11 1 0
github.com/Akashdeep-Patra/go-grpc-sqlite/github.com/you/awesome-backend/user/user.pb.go:166.41,167.14 1 0
github.com/Akashdeep-Patra/go-grpc-sqlite/github.com/you/awesome-backend/user/user.pb.go:167.14,169.3 1 0
github.com/Akashdeep-Patra/go-grpc-sqlite/github.com/you/awesome-backend/user/user.pb.go:170.2,170.11 1 0
github.com/Akashdeep-Patra/go-grpc-sqlite/github.com/you/awesome-backend/user/user.pb.go:173.42,174.14 1 0
github.com/Akashdeep-Patra/go-grpc-sqlite/github.com/you/awesome-backend/user/user.pb.go:174.14,176.3 1 0
github.com/Akashdeep-Patra/go-grpc-sqlite/github.com/you/awesome-backend/user/user.pb.go:177.2,177.11 1 0
github.com/Akashdeep-Patra/go-grpc-sqlite/github.com/you/awesome-backend/user/user.pb.go:204.47,205.44 1 0
github.com/Akashdeep-Patra/go-grpc-sqlite/github.com/you/awesome-backend/user/user.pb.go:205.44,207.3 1 0
github.com/Akashdeep-Patra/go-grpc-sqlite/github.com/you/awesome-backend/user/user.pb.go:208.2,208.40 1 0
github.com/Akashdeep-Patra/go-grpc-sqlite/github.com/you/awesome-backend/user/user.pb.go:229.13,229.43 1 0
github.com/Akashdeep-Patra/go-grpc-sqlite/github.com/you/awesome-backend/user/user.pb.go:230.33,231.32 1 0
github.com/Akashdeep-Patra/go-grpc-sqlite/github.com/you/awesome-backend/user/user.pb.go:231.32,233.3 1 0
github.com/Akashdeep-Patra/go-grpc-sqlite/github.com/you/awesome-backend/user/user.pb.go:234.2,250.35 5 0
github.com/Akashdeep-Patra/go-grpc-sqlite/github.com/you/awesome-backend/user/user_grpc.pb.go:38.74,40.2 1 0
github.com/Akashdeep-Patra/go-grpc-sqlite/github.com/you/awesome-backend/user/user_grpc.pb.go:42.132,46.16 4 0
github.com/Akashdeep-Patra/go-grpc-sqlite/github.com/you/awesome-backend/user/user_grpc.pb.go:46.16,48.3 1 0
github.com/Akashdeep-Patra/go-grpc-sqlite/github.com/you/awesome-backend/user/user_grpc.pb.go:49.2,49.17 1 0
github.com/Akashdeep-Patra/go-grpc-sqlite/github.com/you/awesome-backend/user/user_grpc.pb.go:52.126,56.16 4 0
github.com/Akashdeep-Patra/go-grpc-sqlite/github.com/you/awesome-backend/user/user_grpc.pb.go:56.16,58.3 1 0
github.com/Akashdeep-Patra/go-grpc-sqlite/github.com/you/awesome-backend/user/user_grpc.pb.go:59.2,59.17 1 0
github.com/Akashdeep-Patra/go-grpc-sqlite/github.com/you/awesome-backend/user/user_grpc.pb.go:78.110,80.2 1 0
github.com/Akashdeep-Patra/go-grpc-sqlite/github.com/you/awesome-backend/user/user_grpc.pb.go:81.104,83.2 1 0
github.com/Akashdeep-Patra/go-grpc-sqlite/github.com/you/awesome-backend/user/user_grpc.pb.go:84.82,84.83 0 0
github.com/Akashdeep-Patra/go-grpc-sqlite/github.com/you/awesome-backend/user/user_grpc.pb.go:85.82,85.83 0 0
github.com/Akashdeep-Patra/go-grpc-sqlite/github.com/you/awesome-backend/user/user_grpc.pb.go:94.80,99.59 1 0
github.com/Akashdeep-Patra/go-grpc-sqlite/github.com/you/awesome-backend/user/user_grpc.pb.go:99.59,101.3 1 0
github.com/Akashdeep-Patra/go-grpc-sqlite/github.com/you/awesome-backend/user/user_grpc.pb.go:102.2,102.50 1 0
github.com/Akashdeep-Patra/go-grpc-sqlite/github.com/you/awesome-backend/user/user_grpc.pb.go:105.167,107.32 2 0
github.com/Akashdeep-Patra/go-grpc-sqlite/github.com/you/awesome-backend/user/user_grpc.pb.go:107.32,109.3 1 0
github.com/Akashdeep-Patra/go-grpc-sqlite/github.com/you/awesome-backend/user/user_grpc.pb.go:110.2,110.24 1 0
github.com/Akashdeep-Patra/go-grpc-sqlite/github.com/you/awesome-backend/user/user_grpc.pb.go:110.24,112.3 1 0
github.com/Akashdeep-Patra/go-grpc-sqlite/github.com/you/awesome-backend/user/user_grpc.pb.go:113.2,117.77 2 0
github.com/Akashdeep-Patra/go-grpc-sqlite/github.com/you/awesome-backend/user/user_grpc.pb.go:117.77,119.3 1 0
github.com/Akashdeep-Patra/go-grpc-sqlite/github.com/you/awesome-backend/user/user_grpc.pb.go:120.2,120.44 1 0
github.com/Akashdeep-Patra/go-grpc-sqlite/github.com/you/awesome-backend/user/user_grpc.pb.go:123.164,125.32 2 0
github.com/Akashdeep-Patra/go-grpc-sqlite/github.com/you/awesome-backend/user/user_grpc.pb.go:125.32,127.3 1 0
github.com/Akashdeep-Patra/go-grpc-sqlite/github.com/you/awesome-backend/user/user_grpc.pb.go:128.2,128.24 1 0
github.com/Akashdeep-Patra/go-grpc-sqlite/github.com/you/awesome-backend/user/user_grpc.pb.go:128.24,130.3 1 0
github.com/Akashdeep-Patra/go-grpc-sqlite/github.com/you/awesome-backend/user/user_grpc.pb.go:131.2,135.77 2 0
github.com/Akashdeep-Patra/go-grpc-sqlite/github.com/you/awesome-backend/user/user_grpc.pb.go:135.77,137.3 1 0
github.com/Akashdeep-Patra/go-grpc-sqlite/github.com/you/awesome-backend/user/user_grpc.pb.go:138.2,138.44 1 0
github.com/Akashdeep-Patra/go-grpc-sqlite/pkg/config/config.go:41.51,50.35 7 0
github.com/Akashdeep-Patra/go-grpc-sqlite/pkg/config/config.go:50.35,52.3 1 0
github.com/Akashdeep-Patra/go-grpc-sqlite/pkg/config/config.go:55.2,55.41 1 0
github.com/Akashdeep-Patra/go-grpc-sqlite/pkg/config/config.go:55.41,57.56 1 0
github.com/Akashdeep-Patra/go-grpc-sqlite/pkg/config/config.go:57.56,59.4 1 0
github.com/Akashdeep-Patra/go-grpc-sqlite/pkg/config/config.go:63.2,74.41 6 0
github.com/Akashdeep-Patra/go-grpc-sqlite/pkg/config/config.go:74.41,76.3 1 0
github.com/Akashdeep-Patra/go-grpc-sqlite/pkg/config/config.go:79.2,79.37 1 0
github.com/Akashdeep-Patra/go-grpc-sqlite/pkg/config/config.go:79.37,81.48 2 0
github.com/Akashdeep-Patra/go-grpc-sqlite/pkg/config/config.go:81.48,83.4 1 0
github.com/Akashdeep-Patra/go-grpc-sqlite/pkg/config/config.go:86.2,86.17 1 0
github.com/Akashdeep-Patra/go-grpc-sqlite/pkg/config/config.go:90.34,105.2 9 0
github.com/Akashdeep-Patra/go-grpc-sqlite/internal/app/user_service.go:16.68,20.2 1 0
github.com/Akashdeep-Patra/go-grpc-sqlite/internal/app/user_service.go:23.97,32.49 2 0
github.com/Akashdeep-Patra/go-grpc-sqlite/internal/app/user_service.go:32.49,34.3 1 0
github.com/Akashdeep-Patra/go-grpc-sqlite/internal/app/user_service.go:36.2,36.18 1 0
github.com/Akashdeep-Patra/go-grpc-sqlite/internal/app/user_service.go:40.85,42.2 1 0
github.com/Akashdeep-Patra/go-grpc-sqlite/pkg/middleware/interceptors.go:18.55,19.128 1 0
github.com/Akashdeep-Patra/go-grpc-sqlite/pkg/middleware/interceptors.go:19.128,45.17 9 0
github.com/Akashdeep-Patra/go-grpc-sqlite/pkg/middleware/interceptors.go:45.17,52.4 3 0
github.com/Akashdeep-Patra/go-grpc-sqlite/pkg/middleware/interceptors.go:52.9,55.4 2 0
github.com/Akashdeep-Patra/go-grpc-sqlite/pkg/middleware/interceptors.go:57.3,57.19 1 0
github.com/Akashdeep-Patra/go-grpc-sqlite/pkg/middleware/interceptors.go:62.62,63.116 1 0
github.com/Akashdeep-Patra/go-grpc-sqlite/pkg/middleware/interceptors.go:63.116,91.17 10 0
github.com/Akashdeep-Patra/go-grpc-sqlite/pkg/middleware/interceptors.go:91.17,98.4 3 0
github.com/Akashdeep-Patra/go-grpc-sqlite/pkg/middleware/interceptors.go:98.9,100.4 1 0
github.com/Akashdeep-Patra/go-grpc-sqlite/pkg/middleware/interceptors.go:102.3,102.13 1 0
github.com/Akashdeep-Patra/go-grpc-sqlite/pkg/middleware/interceptors.go:107.52,108.128 1 0
github.com/Akashdeep-Patra/go-grpc-sqlite/pkg/middleware/interceptors.go:108.128,110.38 1 0
github.com/Akashdeep-Patra/go-grpc-sqlite/pkg/middleware/interceptors.go:110.38,112.4 1 0
github.com/Akashdeep-Patra/go-grpc-sqlite/pkg/middleware/interceptors.go:115.3,116.10 2 0
github.com/Akashdeep-Patra/go-grpc-sqlite/pkg/middleware/interceptors.go:116.10,118.4 1 0
github.com/Akashdeep-Patra/go-grpc-sqlite/pkg/middleware/interceptors.go:120.3,121.34 2 0
github.com/Akashdeep-Patra/go-grpc-sqlite/pkg/middleware/interceptors.go:121.34,123.4 1 0
github.com/Akashdeep-Patra/go-grpc-sqlite/pkg/middleware/interceptors.go:125.3,128.28 2 0
github.com/Akashdeep-Patra/go-grpc-sqlite/pkg/middleware/interceptors.go:128.28,130.4 1 0
github.com/Akashdeep-Patra/go-grpc-sqlite/pkg/middleware/interceptors.go:133.3,133.27 1 0
github.com/Akashdeep-Patra/go-grpc-sqlite/pkg/middleware/interceptors.go:138.59,139.116 1 0
github.com/Akashdeep-Patra/go-grpc-sqlite/pkg/middleware/interceptors.go:139.116,141.38 1 0
github.com/Akashdeep-Patra/go-grpc-sqlite/pkg/middleware/interceptors.go:141.38,143.4 1 0
github.com/Akashdeep-Patra/go-grpc-sqlite/pkg/middleware/interceptors.go:146.3,148.10 3 0
github.com/Akashdeep-Patra/go-grpc-sqlite/pkg/middleware/interceptors.go:148.10,150.4 1 0
github.com/Akashdeep-Patra/go-grpc-sqlite/pkg/middleware/interceptors.go:152.3,153.34 2 0
github.com/Akashdeep-Patra/go-grpc-sqlite/pkg/middleware/interceptors.go:153.34,155.4 1 0
github.com/Akashdeep-Patra/go-grpc-sqlite/pkg/middleware/interceptors.go:157.3,160.28 2 0
github.com/Akashdeep-Patra/go-grpc-sqlite/pkg/middleware/interceptors.go:160.28,162.4 1 0
github.com/Akashdeep-Patra/go-grpc-sqlite/pkg/middleware/interceptors.go:165.3,165.26 1 0
github.com/Akashdeep-Patra/go-grpc-sqlite/pkg/middleware/interceptors.go:170.56,171.137 1 0
github.com/Akashdeep-Patra/go-grpc-sqlite/pkg/middleware/interceptors.go:171.137,172.16 1 0
github.com/Akashdeep-Patra/go-grpc-sqlite/pkg/middleware/interceptors.go:172.16,173.32 1 0
github.com/Akashdeep-Patra/go-grpc-sqlite/pkg/middleware/interceptors.go:173.32,179.5 2 0
github.com/Akashdeep-Patra/go-grpc-sqlite/pkg/middleware/interceptors.go:182.3,182.27 1 0
github.com/Akashdeep-Patra/go-grpc-sqlite/pkg/middleware/interceptors.go:187.63,188.122 1 0
github.com/Akashdeep-Patra/go-grpc-sqlite/pkg/middleware/interceptors.go:188.122,189.16 1 0
github.com/Akashdeep-Patra/go-grpc-sqlite/pkg/middleware/interceptors.go:189.16,190.32 1 0
github.com/Akashdeep-Patra/go-grpc-sqlite/pkg/middleware/interceptors.go:190.32,196.5 2 0
github.com/Akashdeep-Patra/go-grpc-sqlite/pkg/middleware/interceptors.go:199.3,199.26 1 0
github.com/Akashdeep-Patra/go-grpc-sqlite/pkg/middleware/interceptors.go:204.57,206.128 1 0
github.com/Akashdeep-Patra/go-grpc-sqlite/pkg/middleware/interceptors.go:206.128,208.37 1 0
github.com/Akashdeep-Patra/go-grpc-sqlite/pkg/middleware/interceptors.go:208.37,210.4 1 0
github.com/Akashdeep-Patra/go-grpc-sqlite/pkg/middleware/interceptors.go:212.3,212.27 1 0
github.com/Akashdeep-Patra/go-grpc-sqlite/pkg/middleware/interceptors.go:217.64,219.116 1 0
github.com/Akashdeep-Patra/go-grpc-sqlite/pkg/middleware/interceptors.go:219.116,221.37 1 0
github.com/Akashdeep-Patra/go-grpc-sqlite/pkg/middleware/interceptors.go:221.37,223.4 1 0
github.com/Akashdeep-Patra/go-grpc-sqlite/pkg/middleware/interceptors.go:225.3,225.26 1 0
github.com/Akashdeep-Patra/go-grpc-sqlite/pkg/middleware/interceptors.go:231.46,232.55 1 0
github.com/Akashdeep-Patra/go-grpc-sqlite/pkg/middleware/interceptors.go:232.55,234.3 1 0
github.com/Akashdeep-Patra/go-grpc-sqlite/pkg/middleware/interceptors.go:235.2,235.49 1 0
github.com/Akashdeep-Patra/go-grpc-sqlite/pkg/middleware/interceptors.go:238.41,246.2 3 0
github.com/Akashdeep-Patra/go-grpc-sqlite/pkg/middleware/interceptors.go:248.39,252.2 1 0
github.com/Akashdeep-Patra/go-grpc-sqlite/pkg/middleware/interceptors.go:254.40,258.2 1 0
github.com/Akashdeep-Patra/go-grpc-sqlite/internal/repo/sqlite/user_repository.go:18.76,20.16 2 0
github.com/Akashdeep-Patra/go-grpc-sqlite/internal/repo/sqlite/user_repository.go:20.16,22.3 1 0
github.com/Akashdeep-Patra/go-grpc-sqlite/internal/repo/sqlite/user_repository.go:25.2,25.34 1 0
github.com/Akashdeep-Patra/go-grpc-sqlite/internal/repo/sqlite/user_repository.go:25.34,27.3 1 0
github.com/Akashdeep-Patra/go-grpc-sqlite/internal/repo/sqlite/user_repository.go:30.2,39.16 2 0
github.com/Akashdeep-Patra/go-grpc-sqlite/internal/repo/sqlite/user_repository.go:39.16,41.3 1 0
github.com/Akashdeep-Patra/go-grpc-sqlite/internal/repo/sqlite/user_repository.go:43.2,45.8 1 0
github.com/Akashdeep-Patra/go-grpc-sqlite/internal/repo/sqlite/user_repository.go:49.46,51.2 1 0
github.com/Akashdeep-Patra/go-grpc-sqlite/internal/repo/sqlite/user_repository.go:54.85,60.2 2 0
github.com/Akashdeep-Patra/go-grpc-sqlite/internal/repo/sqlite/user_repository.go:63.94,74.16 5 0
github.com/Akashdeep-Patra/go-grpc-sqlite/internal/repo/sqlite/user_repository.go:74.16,75.27 1 0
github.com/Akashdeep-Patra/go-grpc-sqlite/internal/repo/sqlite/user_repository.go:75.27,77.4 1 0
github.com/Akashdeep-Patra/go-grpc-sqlite/internal/repo/sqlite/user_repository.go:78.3,78.18 1 0
github.com/Akashdeep-Patra/go-grpc-sqlite/internal/repo/sqlite/user_repository.go:82.2,85.19 3 0
github.com/Akashdeep-Patra/go-grpc-sqlite/internal/repo/sqlite/user_repository.go:89.85,98.2 3 0
github.com/Akashdeep-Patra/go-grpc-sqlite/internal/repo/sqlite/user_repository.go:101.77,107.2 2 0
github.com/Akashdeep-Patra/go-grpc-sqlite/pkg/logger/logger.go:13.23,16.25 2 0
github.com/Akashdeep-Patra/go-grpc-sqlite/pkg/logger/logger.go:16.25,20.3 3 0
github.com/Akashdeep-Patra/go-grpc-sqlite/pkg/logger/logger.go:20.8,23.3 2 0
github.com/Akashdeep-Patra/go-grpc-sqlite/pkg/logger/logger.go:25.2,27.16 3 0
github.com/Akashdeep-Patra/go-grpc-sqlite/pkg/logger/logger.go:27.16,28.13 1 0
github.com/Akashdeep-Patra/go-grpc-sqlite/pkg/logger/logger.go:33.30,34.16 1 0
github.com/Akashdeep-Patra/go-grpc-sqlite/pkg/logger/logger.go:34.16,37.16 2 0
github.com/Akashdeep-Patra/go-grpc-sqlite/pkg/logger/logger.go:37.16,39.4 1 0
github.com/Akashdeep-Patra/go-grpc-sqlite/pkg/logger/logger.go:40.3,40.12 1 0
github.com/Akashdeep-Patra/go-grpc-sqlite/pkg/logger/logger.go:42.2,42.12 1 0
github.com/Akashdeep-Patra/go-grpc-sqlite/pkg/logger/logger.go:46.48,48.2 1 0
github.com/Akashdeep-Patra/go-grpc-sqlite/pkg/logger/logger.go:51.49,53.2 1 0
github.com/Akashdeep-Patra/go-grpc-sqlite/pkg/logger/logger.go:56.49,58.2 1 0
github.com/Akashdeep-Patra/go-grpc-sqlite/pkg/logger/logger.go:61.48,63.2 1 0
github.com/Akashdeep-Patra/go-grpc-sqlite/pkg/logger/logger.go:66.49,68.2 1 0
github.com/Akashdeep-Patra/go-grpc-sqlite/pkg/logger/logger.go:71.48,73.2 1 0
github.com/Akashdeep-Patra/go-grpc-sqlite/pkg/logger/logger.go:76.19,78.2 1 0
github.com/Akashdeep-Patra/go-grpc-sqlite/pkg/metrics/metrics.go:55.35,59.12 3 0
github.com/Akashdeep-Patra/go-grpc-sqlite/pkg/metrics/metrics.go:59.12,61.56 2 0
github.com/Akashdeep-Patra/go-grpc-sqlite/pkg/metrics/metrics.go:61.56,63.4 1 0
github.com/Akashdeep-Patra/go-grpc-sqlite/internal/repo/memory/user_repository.go:18.58,22.2 1 0
github.com/Akashdeep-Patra/go-grpc-sqlite/internal/repo/memory/user_repository.go:25.87,29.43 3 0
github.com/Akashdeep-Patra/go-grpc-sqlite/internal/repo/memory/user_repository.go:29.43,31.3 1 0
github.com/Akashdeep-Patra/go-grpc-sqlite/internal/repo/memory/user_repository.go:33.2,34.12 2 0
github.com/Akashdeep-Patra/go-grpc-sqlite/internal/repo/memory/user_repository.go:38.96,43.13 4 0
github.com/Akashdeep-Patra/go-grpc-sqlite/internal/repo/memory/user_repository.go:43.13,45.3 1 0
github.com/Akashdeep-Patra/go-grpc-sqlite/internal/repo/memory/user_repository.go:47.2,47.18 1 0
github.com/Akashdeep-Patra/go-grpc-sqlite/internal/repo/memory/user_repository.go:51.87,55.44 3 0
github.com/Akashdeep-Patra/go-grpc-sqlite/internal/repo/memory/user_repository.go:55.44,57.3 1 0
github.com/Akashdeep-Patra/go-grpc-sqlite/internal/repo/memory/user_repository.go:59.2,60.12 2 0
github.com/Akashdeep-Patra/go-grpc-sqlite/internal/repo/memory/user_repository.go:64.79,68.39 3 0
github.com/Akashdeep-Patra/go-grpc-sqlite/internal/repo/memory/user_repository.go:68.39,70.3 1 0
github.com/Akashdeep-Patra/go-grpc-sqlite/internal/repo/memory/user_repository.go:72.2,73.12 2 0
github.com/Akashdeep-Patra/go-grpc-sqlite/pkg/db/sqlite.go:10.31,13.18 2 0
github.com/Akashdeep-Patra/go-grpc-sqlite/pkg/db/sqlite.go:13.18,15.3 1 0
github.com/Akashdeep-Patra/go-grpc-sqlite/pkg/db/sqlite.go:18.2,21.51 2 0
github.com/Akashdeep-Patra/go-grpc-sqlite/pkg/db/sqlite.go:21.51,25.3 2 0
github.com/Akashdeep-Patra/go-grpc-sqlite/pkg/db/sqlite.go:27.2,27.43 1 0
github.com/Akashdeep-Patra/go-grpc-sqlite/internal/handler/health_handler.go:23.40,27.2 1 0
github.com/Akashdeep-Patra/go-grpc-sqlite/internal/handler/health_handler.go:30.137,38.19 5 0
github.com/Akashdeep-Patra/go-grpc-sqlite/internal/handler/health_handler.go:38.19,42.3 1 0
github.com/Akashdeep-Patra/go-grpc-sqlite/internal/handler/health_handler.go:44.2,45.9 2 0
github.com/Akashdeep-Patra/go-grpc-sqlite/internal/handler/health_handler.go:45.9,47.3 1 0
github.com/Akashdeep-Patra/go-grpc-sqlite/internal/handler/health_handler.go:49.2,51.8 1 0
github.com/Akashdeep-Patra/go-grpc-sqlite/internal/handler/health_handler.go:55.119,65.19 5 0
github.com/Akashdeep-Patra/go-grpc-sqlite/internal/handler/health_handler.go:65.19,69.3 1 0
github.com/Akashdeep-Patra/go-grpc-sqlite/internal/handler/health_handler.go:71.2,72.9 2 0
github.com/Akashdeep-Patra/go-grpc-sqlite/internal/handler/health_handler.go:72.9,74.3 1 0
github.com/Akashdeep-Patra/go-grpc-sqlite/internal/handler/health_handler.go:76.2,78.4 1 0
github.com/Akashdeep-Patra/go-grpc-sqlite/internal/handler/health_handler.go:82.115,90.2 4 0
github.com/Akashdeep-Patra/go-grpc-sqlite/internal/handler/user_handler.go:23.36,28.16 3 0
github.com/Akashdeep-Patra/go-grpc-sqlite/internal/handler/user_handler.go:28.16,29.13 1 0
github.com/Akashdeep-Patra/go-grpc-sqlite/internal/handler/user_handler.go:33.2,38.3 2 0
github.com/Akashdeep-Patra/go-grpc-sqlite/internal/handler/user_handler.go:42.37,44.2 1 0
github.com/Akashdeep-Patra/go-grpc-sqlite/internal/handler/user_handler.go:47.108,48.20 1 0
github.com/Akashdeep-Patra/go-grpc-sqlite/internal/handler/user_handler.go:48.20,50.3 1 0
github.com/Akashdeep-Patra/go-grpc-sqlite/internal/handler/user_handler.go:51.2,51.21 1 0
github.com/Akashdeep-Patra/go-grpc-sqlite/internal/handler/user_handler.go:51.21,53.3 1 0
github.com/Akashdeep-Patra/go-grpc-sqlite/internal/handler/user_handler.go:55.2,56.16 2 0
github.com/Akashdeep-Patra/go-grpc-sqlite/internal/handler/user_handler.go:56.16,58.3 1 0
github.com/Akashdeep-Patra/go-grpc-sqlite/internal/handler/user_handler.go:60.2,64.8 1 0
github.com/Akashdeep-Patra/go-grpc-sqlite/internal/handler/user_handler.go:68.102,69.18 1 0
github.com/Akashdeep-Patra/go-grpc-sqlite/internal/handler/user_handler.go:69.18,71.3 1 0
github.com/Akashdeep-Patra/go-grpc-sqlite/internal/handler/user_handler.go:73.2,74.16 2 0
github.com/Akashdeep-Patra/go-grpc-sqlite/internal/handler/user_handler.go:74.16,76.3 1 0
github.com/Akashdeep-Patra/go-grpc-sqlite/internal/handler/user_handler.go:78.2,78.17 1 0
github.com/Akashdeep-Patra/go-grpc-sqlite/internal/handler/user_handler.go:78.17,80.3 1 0
github.com/Akashdeep-Patra/go-grpc-sqlite/internal/handler/user_handler.go:82.2,86.8 1 0
github.com/Akashdeep-Patra/go-grpc-sqlite/user/user.pb.go:32.37,37.2 4 0
github.com/Akashdeep-Patra/go-grpc-sqlite/user/user.pb.go:39.45,41.2 1 0
github.com/Akashdeep-Patra/go-grpc-sqlite/user/user.pb.go:43.43,43.44 0 0
github.com/Akashdeep-Patra/go-grpc-sqlite/user/user.pb.go:45.65,47.14 2 0
github.com/Akashdeep-Patra/go-grpc-sqlite/user/user.pb.go:47.14,49.34 2 0
github.com/Akashdeep-Patra/go-grpc-sqlite/user/user.pb.go:49.34,51.4 1 0
github.com/Akashdeep-Patra/go-grpc-sqlite/user/user.pb.go:52.3,52.12 1 0
github.com/Akashdeep-Patra/go-grpc-sqlite/user/user.pb.go:54.2,54.24 1 0
github.com/Akashdeep-Patra/go-grpc-sqlite/user/user.pb.go:58.56,60.2 1 0
github.com/Akashdeep-Patra/go-grpc-sqlite/user/user.pb.go:62.46,63.14 1 0
github.com/Akashdeep-Patra/go-grpc-sqlite/user/user.pb.go:63.14,65.3 1 0
github.com/Akashdeep-Patra/go-grpc-sqlite/user/user.pb.go:66.2,66.11 1 0
github.com/Akashdeep-Patra/go-grpc-sqlite/user/user.pb.go:69.47,70.14 1 0
github.com/Akashdeep-Patra/go-grpc-sqlite/user/user.pb.go:70.14,72.3 1 0
github.com/Akashdeep-Patra/go-grpc-sqlite/user/user.pb.go:73.2,73.11 1 0
github.com/Akashdeep-Patra/go-grpc-sqlite/user/user.pb.go:83.34,88.2 4 0
github.com/Akashdeep-Patra/go-grpc-sqlite/user/user.pb.go:90.42,92.2 1 0
github.com/Akashdeep-Patra/go-grpc-sqlite/user/user.pb.go:94.40,94.41 0 0
github.com/Akashdeep-Patra/go-grpc-sqlite/user/user.pb.go:96.62,98.14 2 0
github.com/Akashdeep-Patra/go-grpc-sqlite/user/user.pb.go:98.14,100.34 2 0
github.com/Akashdeep-Patra/go-grpc-sqlite/user/user.pb.go:100.34,102.4 1 0
github.com/Akashdeep-Patra/go-grpc-sqlite/user/user.pb.go:103.3,103.12 1 0
github.com/Akashdeep-Patra/go-grpc-sqlite/user/user.pb.go:105.2,105.24 1 0
github.com/Akashdeep-Patra/go-grpc-sqlite/user/user.pb.go:109.53,111.2 1 0
github.com/Akashdeep-Patra/go-grpc-sqlite/user/user.pb.go:113.41,114.14 1 0
github.com/Akashdeep-Patra/go-grpc-sqlite/user/user.pb.go:114.14,116.3 1 0
github.com/Akashdeep-Patra/go-grpc-sqlite/user/user.pb.go:117.2,117.11 1 0
github.com/Akashdeep-Patra/go-grpc-sqlite/user/user.pb.go:129.32,134.2 4 0
github.com/Akashdeep-Patra/go-grpc-sqlite/user/user.pb.go:136.40,138.2 1 0
github.com/Akashdeep-Patra/go-grpc-sqlite/user/user.pb.go:140.38,140.39 0 0
github.com/Akashdeep-Patra/go-grpc-sqlite/user/user.pb.go:142.60,144.14 2 0
github.com/Akashdeep-Patra/go-grpc-sqlite/user/user.pb.go:144.14,146.34 2 0
github.com/Akashdeep-Patra/go-grpc-sqlite/user/user.pb.go:146.34,148.4 1 0
github.com/Akashdeep-Patra/go-grpc-sqlite/user/user.pb.go:149.3,149.12 1 0
github.com/Akashdeep-Patra/go-grpc-sqlite/user/user.pb.go:151.2,151.24 1 0
github.com/Akashdeep-Patra/go-grpc-sqlite/user/user.pb.go:155.51,157.2 1 0
github.com/Akashdeep-Patra/go-grpc-sqlite/user/user.pb.go:159.39,160.14 1 0
github.com/Akashdeep-Patra/go-grpc-sqlite/user/user.pb.go:160.14,162.3 1 0
github.com/Akashdeep-Patra/go-grpc-sqlite/user/user.pb.go:163.2,163.11 1 0
github.com/Akashdeep-Patra/go-grpc-sqlite/user/user.pb.go:166.41,167.14 1 0
github.com/Akashdeep-Patra/go-grpc-sqlite/user/user.pb.go:167.14,169.3 1 0
github.com/Akashdeep-Patra/go-grpc-sqlite/user/user.pb.go:170.2,170.11 1 0
github.com/Akashdeep-Patra/go-grpc-sqlite/user/user.pb.go:173.42,174.14 1 0
github.com/Akashdeep-Patra/go-grpc-sqlite/user/user.pb.go:174.14,176.3 1 0
github.com/Akashdeep-Patra/go-grpc-sqlite/user/user.pb.go:177.2,177.11 1 0
github.com/Akashdeep-Patra/go-grpc-sqlite/user/user.pb.go:204.47,205.44 1 0
github.com/Akashdeep-Patra/go-grpc-sqlite/user/user.pb.go:205.44,207.3 1 0
github.com/Akashdeep-Patra/go-grpc-sqlite/user/user.pb.go:208.2,208.40 1 0
github.com/Akashdeep-Patra/go-grpc-sqlite/user/user.pb.go:229.13,229.43 1 0
github.com/Akashdeep-Patra/go-grpc-sqlite/user/user.pb.go:230.33,231.32 1 0
github.com/Akashdeep-Patra/go-grpc-sqlite/user/user.pb.go:231.32,233.3 1 0
github.com/Akashdeep-Patra/go-grpc-sqlite/user/user.pb.go:234.2,250.35 5 0
github.com/Akashdeep-Patra/go-grpc-sqlite/user/user_grpc.pb.go:38.74,40.2 1 0
github.com/Akashdeep-Patra/go-grpc-sqlite/user/user_grpc.pb.go:42.132,46.16 4 0
github.com/Akashdeep-Patra/go-grpc-sqlite/user/user_grpc.pb.go:46.16,48.3 1 0
github.com/Akashdeep-Patra/go-grpc-sqlite/user/user_grpc.pb.go:49.2,49.17 1 0
github.com/Akashdeep-Patra/go-grpc-sqlite/user/user_grpc.pb.go:52.126,56.16 4 0
github.com/Akashdeep-Patra/go-grpc-sqlite/user/user_grpc.pb.go:56.16,58.3 1 0
github.com/Akashdeep-Patra/go-grpc-sqlite/user/user_grpc.pb.go:59.2,59.17 1 0
github.com/Akashdeep-Patra/go-grpc-sqlite/user/user_grpc.pb.go:78.110,80.2 1 0
github.com/Akashdeep-Patra/go-grpc-sqlite/user/user_grpc.pb.go:81.104,83.2 1 0
github.com/Akashdeep-Patra/go-grpc-sqlite/user/user_grpc.pb.go:84.82,84.83 0 0
github.com/Akashdeep-Patra/go-grpc-sqlite/user/user_grpc.pb.go:85.82,85.83 0 0
github.com/Akashdeep-Patra/go-grpc-sqlite/user/user_grpc.pb.go:94.80,99.59 1 0
github.com/Akashdeep-Patra/go-grpc-sqlite/user/user_grpc.pb.go:99.59,101.3 1 0
github.com/Akashdeep-Patra/go-grpc-sqlite/user/user_grpc.pb.go:102.2,102.50 1 0
github.com/Akashdeep-Patra/go-grpc-sqlite/user/user_grpc.pb.go:105.167,107.32 2 0
github.com/Akashdeep-Patra/go-grpc-sqlite/user/user_grpc.pb.go:107.32,109.3 1 0
github.com/Akashdeep-Patra/go-grpc-sqlite/user/user_grpc.pb.go:110.2,110.24 1 0
github.com/Akashdeep-Patra/go-grpc-sqlite/user/user_grpc.pb.go:110.24,112.3 1 0
github.com/Akashdeep-Patra/go-grpc-sqlite/user/user_grpc.pb.go:113.2,117.77 2 0
github.com/Akashdeep-Patra/go-grpc-sqlite/user/user_grpc.pb.go:117.77,119.3 1 0
github.com/Akashdeep-Patra/go-grpc-sqlite/user/user_grpc.pb.go:120.2,120.44 1 0
github.com/Akashdeep-Patra/go-grpc-sqlite/user/user_grpc.pb.go:123.164,125.32 2 0
github.com/Akashdeep-Patra/go-grpc-sqlite/user/user_grpc.pb.go:125.32,127.3 1 0
github.com/Akashdeep-Patra/go-grpc-sqlite/user/user_grpc.pb.go:128.2,128.24 1 0
github.com/Akashdeep-Patra/go-grpc-sqlite/user/user_grpc.pb.go:128.24,130.3 1 0
github.com/Akashdeep-Patra/go-grpc-sqlite/user/user_grpc.pb.go:131.2,135.77 2 0
github.com/Akashdeep-Patra/go-grpc-sqlite/user/user_grpc.pb.go:135.77,137.3 1 0
github.com/Akashdeep-Patra/go-grpc-sqlite/user/user_grpc.pb.go:138.2,138.44 1 0
github.com/Akashdeep-Patra/go-grpc-sqlite/test-project-grpc/user/user.pb.go:34.37,39.2 4 0
github.com/Akashdeep-Patra/go-grpc-sqlite/test-project-grpc/user/user.pb.go:41.45,43.2 1 0
github.com/Akashdeep-Patra/go-grpc-sqlite/test-project-grpc/user/user.pb.go:45.43,45.44 0 0
github.com/Akashdeep-Patra/go-grpc-sqlite/test-project-grpc/user/user.pb.go:47.65,49.14 2 0
github.com/Akashdeep-Patra/go-grpc-sqlite/test-project-grpc/user/user.pb.go:49.14,51.34 2 0
github.com/Akashdeep-Patra/go-grpc-sqlite/test-project-grpc/user/user.pb.go:51.34,53.4 1 0
github.com/Akashdeep-Patra/go-grpc-sqlite/test-project-grpc/user/user.pb.go:54.3,54.12 1 0
github.com/Akashdeep-Patra/go-grpc-sqlite/test-project-grpc/user/user.pb.go:56.2,56.24 1 0
github.com/Akashdeep-Patra/go-grpc-sqlite/test-project-grpc/user/user.pb.go:60.56,62.2 1 0
github.com/Akashdeep-Patra/go-grpc-sqlite/test-project-grpc/user/user.pb.go:64.46,65.14 1 0
github.com/Akashdeep-Patra/go-grpc-sqlite/test-project-grpc/user/user.pb.go:65.14,67.3 1 0
github.com/Akashdeep-Patra/go-grpc-sqlite/test-project-grpc/user/user.pb.go:68.2,68.11 1 0
github.com/Akashdeep-Patra/go-grpc-sqlite/test-project-grpc/user/user.pb.go:71.47,72.14 1 0
github.com/Akashdeep-Patra/go-grpc-sqlite/test-project-grpc/user/user.pb.go:72.14,74.3 1 0
github.com/Akashdeep-Patra/go-grpc-sqlite/test-project-grpc/user/user.pb.go:75.2,75.11 1 0
github.com/Akashdeep-Patra/go-grpc-sqlite/test-project-grpc/user/user.pb.go:85.34,90.2 4 0
github.com/Akashdeep-Patra/go-grpc-sqlite/test-project-grpc/user/user.pb.go:92.42,94.2 1 0
github.com/Akashdeep-Patra/go-grpc-sqlite/test-project-grpc/user/user.pb.go:96.40,96.41 0 0
github.com/Akashdeep-Patra/go-grpc-sqlite/test-project-grpc/user/user.pb.go:98.62,100.14 2 0
github.com/Akashdeep-Patra/go-grpc-sqlite/test-project-grpc/user/user.pb.go:100.14,102.34 2 0
github.com/Akashdeep-Patra/go-grpc-sqlite/test-project-grpc/user/user.pb.go:102.34,104.4 1 0
github.com/Akashdeep-Patra/go-grpc-sqlite/test-project-grpc/user/user.pb.go:105.3,105.12 1 0
github.com/Akashdeep-Patra/go-grpc-sqlite/test-project-grpc/user/user.pb.go:107.2,107.24 1 0
github.com/Akashdeep-Patra/go-grpc-sqlite/test-project-grpc/user/user.pb.go:111.53,113.2 1 0
github.com/Akashdeep-Patra/go-grpc-sqlite/test-project-grpc/user/user.pb.go:115.41,116.14 1 0
github.com/Akashdeep-Patra/go-grpc-sqlite/test-project-grpc/user/user.pb.go:116.14,118.3 1 0
github.com/Akashdeep-Patra/go-grpc-sqlite/test-project-grpc/user/user.pb.go:119.2,119.11 1 0
github.com/Akashdeep-Patra/go-grpc-sqlite/test-project-grpc/user/user.pb.go:131.32,136.2 4 0
github.com/Akashdeep-Patra/go-grpc-sqlite/test-project-grpc/user/user.pb.go:138.40,140.2 1 0
github.com/Akashdeep-Patra/go-grpc-sqlite/test-project-grpc/user/user.pb.go:142.38,142.39 0 0
github.com/Akashdeep-Patra/go-grpc-sqlite/test-project-grpc/user/user.pb.go:144.60,146.14 2 0
github.com/Akashdeep-Patra/go-grpc-sqlite/test-project-grpc/user/user.pb.go:146.14,148.34 2 0
github.com/Akashdeep-Patra/go-grpc-sqlite/test-project-grpc/user/user.pb.go:148.34,150.4 1 0
github.com/Akashdeep-Patra/go-grpc-sqlite/test-project-grpc/user/user.pb.go:151.3,151.12 1 0
github.com/Akashdeep-Patra/go-grpc-sqlite/test-project-grpc/user/user.pb.go:153.2,153.24 1 0
github.com/Akashdeep-Patra/go-grpc-sqlite/test-project-grpc/user/user.pb.go:157.51,159.2 1 0
github.com/Akashdeep-Patra/go-grpc-sqlite/test-project-grpc/user/user.pb.go:161.39,162.14 1 0
github.com/Akashdeep-Patra/go-grpc-sqlite/test-project-grpc/user/user.pb.go:162.14,164.3 1 0
github.com/Akashdeep-Patra/go-grpc-sqlite/test-project-grpc/user/user.pb.go:165.2,165.11 1 0
github.com/Akashdeep-Patra/go-grpc-sqlite/test-project-grpc/user/user.pb.go:168.41,169.14 1 0
github.com/Akashdeep-Patra/go-grpc-sqlite/test-project-grpc/user/user.pb.go:169.14,171.3 1 0
github.com/Akashdeep-Patra/go-grpc-sqlite/test-project-grpc/user/user.pb.go:172.2,172.11 1 0
github.com/Akashdeep-Patra/go-grpc-sqlite/test-project-grpc/user/user.pb.go:175.42,176.14 1 0
github.com/Akashdeep-Patra/go-grpc-sqlite/test-project-grpc/user/user.pb.go:176.14,178.3 1 0
github.com/Akashdeep-Patra/go-grpc-sqlite/test-project-grpc/user/user.pb.go:179.2,179.11 1 0
github.com/Akashdeep-Patra/go-grpc-sqlite/test-project-grpc/user/user.pb.go:213.47,214.44 1 0
github.com/Akashdeep-Patra/go-grpc-sqlite/test-project-grpc/user/user.pb.go:214.44,216.3 1 0
github.com/Akashdeep-Patra/go-grpc-sqlite/test-project-grpc/user/user.pb.go:217.2,217.40 1 0
github.com/Akashdeep-Patra/go-grpc-sqlite/test-project-grpc/user/user.pb.go:238.13,238.43 1 0
github.com/Akashdeep-Patra/go-grpc-sqlite/test-project-grpc/user/user.pb.go:239.33,240.32 1 0
github.com/Akashdeep-Patra/go-grpc-sqlite/test-project-grpc/user/user.pb.go:240.32,242.3 1 0
github.com/Akashdeep-Patra/go-grpc-sqlite/test-project-grpc/user/user.pb.go:243.2,259.35 5 0
github.com/Akashdeep-Patra/go-grpc-sqlite/test-project-grpc/user/user.pb.gw.go:38.211,43.100 2 0
github.com/Akashdeep-Patra/go-grpc-sqlite/test-project-grpc/user/user.pb.gw.go:43.100,45.3 1 0
github.com/Akashdeep-Patra/go-grpc-sqlite/test-project-grpc/user/user.pb.gw.go:46.2,47.27 2 0
github.com/Akashdeep-Patra/go-grpc-sqlite/test-project-grpc/user/user.pb.gw.go:50.217,55.100 2 0
github.com/Akashdeep-Patra/go-grpc-sqlite/test-project-grpc/user/user.pb.gw.go:55.100,57.3 1 0
github.com/Akashdeep-Patra/go-grpc-sqlite/test-project-grpc/user/user.pb.gw.go:58.2,59.27 2 0
github.com/Akashdeep-Patra/go-grpc-sqlite/test-project-grpc/user/user.pb.gw.go:62.208,70.9 4 0
github.com/Akashdeep-Patra/go-grpc-sqlite/test-project-grpc/user/user.pb.gw.go:70.9,72.3 1 0
github.com/Akashdeep-Patra/go-grpc-sqlite/test-project-grpc/user/user.pb.gw.go:73.2,74.16 2 0
github.com/Akashdeep-Patra/go-grpc-sqlite/test-project-grpc/user/user.pb.gw.go:74.16,76.3 1 0
github.com/Akashdeep-Patra/go-grpc-sqlite/test-project-grpc/user/user.pb.gw.go:77.2,78.27 2 0
github.com/Akashdeep-Patra/go-grpc-sqlite/test-project-grpc/user/user.pb.gw.go:81.214,88.9 3 0
github.com/Akashdeep-Patra/go-grpc-sqlite/test-project-grpc/user/user.pb.gw.go:88.9,90.3 1 0
github.com/Akashdeep-Patra/go-grpc-sqlite/test-project-grpc/user/user.pb.gw.go:91.2,92.16 2 0
github.com/Akashdeep-Patra/go-grpc-sqlite/test-project-grpc/user/user.pb.gw.go:92.16,94.3 1 0
github.com/Akashdeep-Patra/go-grpc-sqlite/test-project-grpc/user/user.pb.gw.go:95.2,96.27 2 0
github.com/Akashdeep-Patra/go-grpc-sqlite/test-project-grpc/user/user.pb.gw.go:104.115,105.141 1 0
github.com/Akashdeep-Patra/go-grpc-sqlite/test-project-grpc/user/user.pb.gw.go:105.141,112.17 7 0
github.com/Akashdeep-Patra/go-grpc-sqlite/test-project-grpc/user/user.pb.gw.go:112.17,115.4 2 0
github.com/Akashdeep-Patra/go-grpc-sqlite/test-project-grpc/user/user.pb.gw.go:116.3,119.17 4 0
github.com/Akashdeep-Patra/go-grpc-sqlite/test-project-grpc/user/user.pb.gw.go:119.17,122.4 2 0
github.com/Akashdeep-Patra/go-grpc-sqlite/test-project-grpc/user/user.pb.gw.go:123.3,123.127 1 0
github.com/Akashdeep-Patra/go-grpc-sqlite/test-project-grpc/user/user.pb.gw.go:125.2,125.137 1 0
github.com/Akashdeep-Patra/go-grpc-sqlite/test-project-grpc/user/user.pb.gw.go:125.137,132.17 7 0
github.com/Akashdeep-Patra/go-grpc-sqlite/test-project-grpc/user/user.pb.gw.go:132.17,135.4 2 0
github.com/Akashdeep-Patra/go-grpc-sqlite/test-project-grpc/user/user.pb.gw.go:136.3,139.17 4 0
github.com/Akashdeep-Patra/go-grpc-sqlite/test-project-grpc/user/user.pb.gw.go:139.17,142.4 2 0
github.com/Akashdeep-Patra/go-grpc-sqlite/test-project-grpc/user/user.pb.gw.go:143.3,143.124 1 0
github.com/Akashdeep-Patra/go-grpc-sqlite/test-project-grpc/user/user.pb.gw.go:146.2,146.12 1 0
github.com/Akashdeep-Patra/go-grpc-sqlite/test-project-grpc/user/user.pb.gw.go:151.142,153.16 2 0
github.com/Akashdeep-Patra/go-grpc-sqlite/test-project-grpc/user/user.pb.gw.go:153.16,155.3 1 0
github.com/Akashdeep-Patra/go-grpc-sqlite/test-project-grpc/user/user.pb.gw.go:156.2,156.15 1 0
github.com/Akashdeep-Patra/go-grpc-sqlite/test-project-grpc/user/user.pb.gw.go:156.15,157.17 1 0
github.com/Akashdeep-Patra/go-grpc-sqlite/test-project-grpc/user/user.pb.gw.go:157.17,158.41 1 0
github.com/Akashdeep-Patra/go-grpc-sqlite/test-project-grpc/user/user.pb.gw.go:158.41,160.5 1 0
github.com/Akashdeep-Patra/go-grpc-sqlite/test-project-grpc/user/user.pb.gw.go:161.4,161.10 1 0
github.com/Akashdeep-Patra/go-grpc-sqlite/test-project-grpc/user/user.pb.gw.go:163.3,163.13 1 0
github.com/Akashdeep-Patra/go-grpc-sqlite/test-project-grpc/user/user.pb.gw.go:163.13,165.41 2 0
github.com/Akashdeep-Patra/go-grpc-sqlite/test-project-grpc/user/user.pb.gw.go:165.41,167.5 1 0
github.com/Akashdeep-Patra/go-grpc-sqlite/test-project-grpc/user/user.pb.gw.go:170.2,170.51 1 0
github.com/Akashdeep-Patra/go-grpc-sqlite/test-project-grpc/user/user.pb.gw.go:175.106,177.2 1 0
github.com/Akashdeep-Patra/go-grpc-sqlite/test-project-grpc/user/user.pb.gw.go:184.115,185.141 1 0
github.com/Akashdeep-Patra/go-grpc-sqlite/test-project-grpc/user/user.pb.gw.go:185.141,190.17 5 0
github.com/Akashdeep-Patra/go-grpc-sqlite/test-project-grpc/user/user.pb.gw.go:190.17,193.4 2 0
github.com/Akashdeep-Patra/go-grpc-sqlite/test-project-grpc/user/user.pb.gw.go:194.3,196.17 3 0
github.com/Akashdeep-Patra/go-grpc-sqlite/test-project-grpc/user/user.pb.gw.go:196.17,199.4 2 0
github.com/Akashdeep-Patra/go-grpc-sqlite/test-project-grpc/user/user.pb.gw.go:200.3,200.127 1 0
github.com/Akashdeep-Patra/go-grpc-sqlite/test-project-grpc/user/user.pb.gw.go:202.2,202.137 1 0
github.com/Akashdeep-Patra/go-grpc-sqlite/test-project-grpc/user/user.pb.gw.go:202.137,207.17 5 0
github.com/Akashdeep-Patra/go-grpc-sqlite/test-project-grpc/user/user.pb.gw.go:207.17,210.4 2 0
github.com/Akashdeep-Patra/go-grpc-sqlite/test-project-grpc/user/user.pb.gw.go:211.3,213.17 3 0
github.com/Akashdeep-Patra/go-grpc-sqlite/test-project-grpc/user/user.pb.gw.go:213.17,216.4 2 0
github.com/Akashdeep-Patra/go-grpc-sqlite/test-project-grpc/user/user.pb.gw.go:217.3,217.124 1 0
github.com/Akashdeep-Patra/go-grpc-sqlite/test-project-grpc/user/user.pb.gw.go:219.2,219.12 1 0
github.com/Akashdeep-Patra/go-grpc-sqlite/test-project-grpc/user/user_grpc.pb.go:38.74,40.2 1 0
github.com/Akashdeep-Patra/go-grpc-sqlite/test-project-grpc/user/user_grpc.pb.go:42.132,46.16 4 0
github.com/Akashdeep-Patra/go-grpc-sqlite/test-project-grpc/user/user_grpc.pb.go:46.16,48.3 1 0
github.com/Akashdeep-Patra/go-grpc-sqlite/test-project-grpc/user/user_grpc.pb.go:49.2,49.17 1 0
github.com/Akashdeep-Patra/go-grpc-sqlite/test-project-grpc/user/user_grpc.pb.go:52.126,56.16 4 0
github.com/Akashdeep-Patra/go-grpc-sqlite/test-project-grpc/user/user_grpc.pb.go:56.16,58.3 1 0
github.com/Akashdeep-Patra/go-grpc-sqlite/test-project-grpc/user/user_grpc.pb.go:59.2,59.17 1 0
github.com/Akashdeep-Patra/go-grpc-sqlite/test-project-grpc/user/user_grpc.pb.go:78.110,80.2 1 0
github.com/Akashdeep-Patra/go-grpc-sqlite/test-project-grpc/user/user_grpc.pb.go:81.104,83.2 1 0
github.com/Akashdeep-Patra/go-grpc-sqlite/test-project-grpc/user/user_grpc.pb.go:84.82,84.83 0 0
github.com/Akashdeep-Patra/go-grpc-sqlite/test-project-grpc/user/user_grpc.pb.go:85.82,85.83 0 0
github.com/Akashdeep-Patra/go-grpc-sqlite/test-project-grpc/user/user_grpc.pb.go:94.80,99.59 1 0
github.com/Akashdeep-Patra/go-grpc-sqlite/test-project-grpc/user/user_grpc.pb.go:99.59,101.3 1 0
github.com/Akashdeep-Patra/go-grpc-sqlite/test-project-grpc/user/user_grpc.pb.go:102.2,102.50 1 0
github.com/Akashdeep-Patra/go-grpc-sqlite/test-project-grpc/user/user_grpc.pb.go:105.167,107.32 2 0
github.com/Akashdeep-Patra/go-grpc-sqlite/test-project-grpc/user/user_grpc.pb.go:107.32,109.3 1 0
github.com/Akashdeep-Patra/go-grpc-sqlite/test-project-grpc/user/user_grpc.pb.go:110.2,110.24 1 0
github.com/Akashdeep-Patra/go-grpc-sqlite/test-project-grpc/user/user_grpc.pb.go:110.24,112.3 1 0
github.com/Akashdeep-Patra/go-grpc-sqlite/test-project-grpc/user/user_grpc.pb.go:113.2,117.77 2 0
github.com/Akashdeep-Patra/go-grpc-sqlite/test-project-grpc/user/user_grpc.pb.go:117.77,119.3 1 0
github.com/Akashdeep-Patra/go-grpc-sqlite/test-project-grpc/user/user_grpc.pb.go:120.2,120.44 1 0
github.com/Akashdeep-Patra/go-grpc-sqlite/test-project-grpc/user/user_grpc.pb.go:123.164,125.32 2 0
github.com/Akashdeep-Patra/go-grpc-sqlite/test-project-grpc/user/user_grpc.pb.go:125.32,127.3 1 0
github.com/Akashdeep-Patra/go-grpc-sqlite/test-project-grpc/user/user_grpc.pb.go:128.2,128.24 1 0
github.com/Akashdeep-Patra/go-grpc-sqlite/test-project-grpc/user/user_grpc.pb.go:128.24,130.3 1 0
github.com/Akashdeep-Patra/go-grpc-sqlite/test-project-grpc/user/user_grpc.pb.go:131.2,135.77 2 0
github.com/Akashdeep-Patra/go-grpc-sqlite/test-project-grpc/user/user_grpc.pb.go:135.77,137.3 1 0
github.com/Akashdeep-Patra/go-grpc-sqlite/test-project-grpc/user/user_grpc.pb.go:138.2,138.44 1 0
